\BOOKMARK [1][-]{section.1}{Is Binary Number Multiple of 3}{}% 1
\BOOKMARK [2][-]{subsection.1.1}{My solution}{section.1}% 2
\BOOKMARK [3][-]{subsubsection.1.1.1}{Algorithm}{subsection.1.1}% 3
\BOOKMARK [3][-]{subsubsection.1.1.2}{Code}{subsection.1.1}% 4
\BOOKMARK [2][-]{subsection.1.2}{Geeks official solution}{section.1}% 5
\BOOKMARK [3][-]{subsubsection.1.2.1}{Proof of this method by number theory}{subsection.1.2}% 6
\BOOKMARK [3][-]{subsubsection.1.2.2}{Algorithm}{subsection.1.2}% 7
\BOOKMARK [3][-]{subsubsection.1.2.3}{Code}{subsection.1.2}% 8
\BOOKMARK [1][-]{section.2}{Contiguous subarray with largest sum}{}% 9
\BOOKMARK [2][-]{subsection.2.1}{Kadane's algorithm}{section.2}% 10
\BOOKMARK [1][-]{section.3}{Majority Element}{}% 11
\BOOKMARK [2][-]{subsection.3.1}{My Approach}{section.3}% 12
\BOOKMARK [3][-]{subsubsection.3.1.1}{Algorithm}{subsection.3.1}% 13
\BOOKMARK [3][-]{subsubsection.3.1.2}{Code}{subsection.3.1}% 14
\BOOKMARK [2][-]{subsection.3.2}{Solution by sorting}{section.3}% 15
\BOOKMARK [3][-]{subsubsection.3.2.1}{Algorithm}{subsection.3.2}% 16
\BOOKMARK [3][-]{subsubsection.3.2.2}{Code}{subsection.3.2}% 17
\BOOKMARK [1][-]{section.4}{Leaders in an array}{}% 18
\BOOKMARK [2][-]{subsection.4.1}{Geeks Hint}{section.4}% 19
\BOOKMARK [3][-]{subsubsection.4.1.1}{Process}{subsection.4.1}% 20
\BOOKMARK [3][-]{subsubsection.4.1.2}{My code by hints}{subsection.4.1}% 21
\BOOKMARK [3][-]{subsubsection.4.1.3}{Picture Run From Geeks}{subsection.4.1}% 22
\BOOKMARK [3][-]{subsubsection.4.1.4}{Geeks official code}{subsection.4.1}% 23
