This is pdfTeX, Version 3.141592653-2.6-1.40.24 (TeX Live 2022) (preloaded format=pdflatex 2022.5.10)  18 SEP 2022 06:52
entering extended mode
 restricted \write18 enabled.
 %&-line parsing enabled.
**DBMS.tex
(./DBMS.tex
LaTeX2e <2021-11-15> patch level 1
L3 programming layer <2022-05-04>
(g:/program files/texlive/2022/texmf-dist/tex/latex/beamer/beamer.cls
Document Class: beamer 2022/02/08 v3.66 A class for typesetting presentations
(g:/program files/texlive/2022/texmf-dist/tex/latex/beamer/beamerbasemodes.sty
(g:/program files/texlive/2022/texmf-dist/tex/latex/etoolbox/etoolbox.sty
Package: etoolbox 2020/10/05 v2.5k e-TeX tools for LaTeX (JAW)
\etb@tempcnta=\count185
)
\beamer@tempbox=\box50
\beamer@tempcount=\count186
\c@beamerpauses=\count187

(g:/program files/texlive/2022/texmf-dist/tex/latex/beamer/beamerbasedecode.sty
\beamer@slideinframe=\count188
\beamer@minimum=\count189
\beamer@decode@box=\box51
)
\beamer@commentbox=\box52
\beamer@modecount=\count190
) (g:/program files/texlive/2022/texmf-dist/tex/generic/iftex/iftex.sty
Package: iftex 2022/02/03 v1.0f TeX engine tests
)
\headdp=\dimen138
\footheight=\dimen139
\sidebarheight=\dimen140
\beamer@tempdim=\dimen141
\beamer@finalheight=\dimen142
\beamer@animht=\dimen143
\beamer@animdp=\dimen144
\beamer@animwd=\dimen145
\beamer@leftmargin=\dimen146
\beamer@rightmargin=\dimen147
\beamer@leftsidebar=\dimen148
\beamer@rightsidebar=\dimen149
\beamer@boxsize=\dimen150
\beamer@vboxoffset=\dimen151
\beamer@descdefault=\dimen152
\beamer@descriptionwidth=\dimen153
\beamer@lastskip=\skip47
\beamer@areabox=\box53
\beamer@animcurrent=\box54
\beamer@animshowbox=\box55
\beamer@sectionbox=\box56
\beamer@logobox=\box57
\beamer@linebox=\box58
\beamer@sectioncount=\count191
\beamer@subsubsectionmax=\count192
\beamer@subsectionmax=\count193
\beamer@sectionmax=\count194
\beamer@totalheads=\count195
\beamer@headcounter=\count196
\beamer@partstartpage=\count197
\beamer@sectionstartpage=\count198
\beamer@subsectionstartpage=\count199
\beamer@animationtempa=\count266
\beamer@animationtempb=\count267
\beamer@xpos=\count268
\beamer@ypos=\count269
\beamer@ypos@offset=\count270
\beamer@showpartnumber=\count271
\beamer@currentsubsection=\count272
\beamer@coveringdepth=\count273
\beamer@sectionadjust=\count274
\beamer@toclastsection=\count275
\beamer@tocsectionnumber=\count276

(g:/program files/texlive/2022/texmf-dist/tex/latex/beamer/beamerbaseoptions.st
y (g:/program files/texlive/2022/texmf-dist/tex/latex/graphics/keyval.sty
Package: keyval 2014/10/28 v1.15 key=value parser (DPC)
\KV@toks@=\toks16
))
\beamer@paperwidth=\skip48
\beamer@paperheight=\skip49

(g:/program files/texlive/2022/texmf-dist/tex/latex/geometry/geometry.sty
Package: geometry 2020/01/02 v5.9 Page Geometry

(g:/program files/texlive/2022/texmf-dist/tex/generic/iftex/ifvtex.sty
Package: ifvtex 2019/10/25 v1.7 ifvtex legacy package. Use iftex instead.
)
\Gm@cnth=\count277
\Gm@cntv=\count278
\c@Gm@tempcnt=\count279
\Gm@bindingoffset=\dimen154
\Gm@wd@mp=\dimen155
\Gm@odd@mp=\dimen156
\Gm@even@mp=\dimen157
\Gm@layoutwidth=\dimen158
\Gm@layoutheight=\dimen159
\Gm@layouthoffset=\dimen160
\Gm@layoutvoffset=\dimen161
\Gm@dimlist=\toks17
)
(g:/program files/texlive/2022/texmf-dist/tex/latex/pgf/math/pgfmath.sty
(g:/program files/texlive/2022/texmf-dist/tex/latex/pgf/utilities/pgfrcs.sty
(g:/program files/texlive/2022/texmf-dist/tex/generic/pgf/utilities/pgfutil-com
mon.tex
\pgfutil@everybye=\toks18
\pgfutil@tempdima=\dimen162
\pgfutil@tempdimb=\dimen163

(g:/program files/texlive/2022/texmf-dist/tex/generic/pgf/utilities/pgfutil-com
mon-lists.tex))
(g:/program files/texlive/2022/texmf-dist/tex/generic/pgf/utilities/pgfutil-lat
ex.def
\pgfutil@abb=\box59
)
(g:/program files/texlive/2022/texmf-dist/tex/generic/pgf/utilities/pgfrcs.code
.tex (g:/program files/texlive/2022/texmf-dist/tex/generic/pgf/pgf.revision.tex
)
Package: pgfrcs 2021/05/15 v3.1.9a (3.1.9a)
))
(g:/program files/texlive/2022/texmf-dist/tex/latex/pgf/utilities/pgfkeys.sty
(g:/program files/texlive/2022/texmf-dist/tex/generic/pgf/utilities/pgfkeys.cod
e.tex
\pgfkeys@pathtoks=\toks19
\pgfkeys@temptoks=\toks20

(g:/program files/texlive/2022/texmf-dist/tex/generic/pgf/utilities/pgfkeysfilt
ered.code.tex
\pgfkeys@tmptoks=\toks21
)))
(g:/program files/texlive/2022/texmf-dist/tex/generic/pgf/math/pgfmath.code.tex

(g:/program files/texlive/2022/texmf-dist/tex/generic/pgf/math/pgfmathcalc.code
.tex
(g:/program files/texlive/2022/texmf-dist/tex/generic/pgf/math/pgfmathutil.code
.tex
\pgf@x=\dimen164
\pgf@xa=\dimen165
\pgf@xb=\dimen166
\pgf@xc=\dimen167
\pgf@y=\dimen168
\pgf@ya=\dimen169
\pgf@yb=\dimen170
\pgf@yc=\dimen171
\c@pgf@counta=\count280
\c@pgf@countb=\count281
\c@pgf@countc=\count282
\c@pgf@countd=\count283
)
(g:/program files/texlive/2022/texmf-dist/tex/generic/pgf/math/pgfmathparser.co
de.tex
\pgfmath@dimen=\dimen172
\pgfmath@count=\count284
\pgfmath@box=\box60
\pgfmath@toks=\toks22
\pgfmath@stack@operand=\toks23
\pgfmath@stack@operation=\toks24
)
(g:/program files/texlive/2022/texmf-dist/tex/generic/pgf/math/pgfmathfunctions
.code.tex
(g:/program files/texlive/2022/texmf-dist/tex/generic/pgf/math/pgfmathfunctions
.basic.code.tex)
(g:/program files/texlive/2022/texmf-dist/tex/generic/pgf/math/pgfmathfunctions
.trigonometric.code.tex)
(g:/program files/texlive/2022/texmf-dist/tex/generic/pgf/math/pgfmathfunctions
.random.code.tex)
(g:/program files/texlive/2022/texmf-dist/tex/generic/pgf/math/pgfmathfunctions
.comparison.code.tex)
(g:/program files/texlive/2022/texmf-dist/tex/generic/pgf/math/pgfmathfunctions
.base.code.tex)
(g:/program files/texlive/2022/texmf-dist/tex/generic/pgf/math/pgfmathfunctions
.round.code.tex)
(g:/program files/texlive/2022/texmf-dist/tex/generic/pgf/math/pgfmathfunctions
.misc.code.tex)
(g:/program files/texlive/2022/texmf-dist/tex/generic/pgf/math/pgfmathfunctions
.integerarithmetics.code.tex)))
(g:/program files/texlive/2022/texmf-dist/tex/generic/pgf/math/pgfmathfloat.cod
e.tex
\c@pgfmathroundto@lastzeros=\count285
))) (g:/program files/texlive/2022/texmf-dist/tex/latex/extsizes/size9.clo
File: size9.clo 1999/11/11 v1.4a NON-Standard LaTeX file (size option)
)
(g:/program files/texlive/2022/texmf-dist/tex/latex/pgf/basiclayer/pgfcore.sty
(g:/program files/texlive/2022/texmf-dist/tex/latex/graphics/graphicx.sty
Package: graphicx 2021/09/16 v1.2d Enhanced LaTeX Graphics (DPC,SPQR)

(g:/program files/texlive/2022/texmf-dist/tex/latex/graphics/graphics.sty
Package: graphics 2021/03/04 v1.4d Standard LaTeX Graphics (DPC,SPQR)

(g:/program files/texlive/2022/texmf-dist/tex/latex/graphics/trig.sty
Package: trig 2021/08/11 v1.11 sin cos tan (DPC)
)
(g:/program files/texlive/2022/texmf-dist/tex/latex/graphics-cfg/graphics.cfg
File: graphics.cfg 2016/06/04 v1.11 sample graphics configuration
)
Package graphics Info: Driver file: pdftex.def on input line 107.

(g:/program files/texlive/2022/texmf-dist/tex/latex/graphics-def/pdftex.def
File: pdftex.def 2020/10/05 v1.2a Graphics/color driver for pdftex
))
\Gin@req@height=\dimen173
\Gin@req@width=\dimen174
)
(g:/program files/texlive/2022/texmf-dist/tex/latex/pgf/systemlayer/pgfsys.sty
(g:/program files/texlive/2022/texmf-dist/tex/generic/pgf/systemlayer/pgfsys.co
de.tex
Package: pgfsys 2021/05/15 v3.1.9a (3.1.9a)

(g:/program files/texlive/2022/texmf-dist/tex/generic/pgf/utilities/pgfkeys.cod
e.tex)
\pgf@x=\dimen175
\pgf@y=\dimen176
\pgf@xa=\dimen177
\pgf@ya=\dimen178
\pgf@xb=\dimen179
\pgf@yb=\dimen180
\pgf@xc=\dimen181
\pgf@yc=\dimen182
\pgf@xd=\dimen183
\pgf@yd=\dimen184
\w@pgf@writea=\write3
\r@pgf@reada=\read2
\c@pgf@counta=\count286
\c@pgf@countb=\count287
\c@pgf@countc=\count288
\c@pgf@countd=\count289
\t@pgf@toka=\toks25
\t@pgf@tokb=\toks26
\t@pgf@tokc=\toks27
\pgf@sys@id@count=\count290

(g:/program files/texlive/2022/texmf-dist/tex/generic/pgf/systemlayer/pgf.cfg
File: pgf.cfg 2021/05/15 v3.1.9a (3.1.9a)
)
Driver file for pgf: pgfsys-pdftex.def

(g:/program files/texlive/2022/texmf-dist/tex/generic/pgf/systemlayer/pgfsys-pd
ftex.def
File: pgfsys-pdftex.def 2021/05/15 v3.1.9a (3.1.9a)

(g:/program files/texlive/2022/texmf-dist/tex/generic/pgf/systemlayer/pgfsys-co
mmon-pdf.def
File: pgfsys-common-pdf.def 2021/05/15 v3.1.9a (3.1.9a)
)))
(g:/program files/texlive/2022/texmf-dist/tex/generic/pgf/systemlayer/pgfsyssof
tpath.code.tex
File: pgfsyssoftpath.code.tex 2021/05/15 v3.1.9a (3.1.9a)
\pgfsyssoftpath@smallbuffer@items=\count291
\pgfsyssoftpath@bigbuffer@items=\count292
)
(g:/program files/texlive/2022/texmf-dist/tex/generic/pgf/systemlayer/pgfsyspro
tocol.code.tex
File: pgfsysprotocol.code.tex 2021/05/15 v3.1.9a (3.1.9a)
))
(g:/program files/texlive/2022/texmf-dist/tex/latex/xcolor/xcolor.sty
Package: xcolor 2021/10/31 v2.13 LaTeX color extensions (UK)

(g:/program files/texlive/2022/texmf-dist/tex/latex/graphics-cfg/color.cfg
File: color.cfg 2016/01/02 v1.6 sample color configuration
)
Package xcolor Info: Driver file: pdftex.def on input line 227.
Package xcolor Info: Model `cmy' substituted by `cmy0' on input line 1352.
Package xcolor Info: Model `hsb' substituted by `rgb' on input line 1356.
Package xcolor Info: Model `RGB' extended on input line 1368.
Package xcolor Info: Model `HTML' substituted by `rgb' on input line 1370.
Package xcolor Info: Model `Hsb' substituted by `hsb' on input line 1371.
Package xcolor Info: Model `tHsb' substituted by `hsb' on input line 1372.
Package xcolor Info: Model `HSB' substituted by `hsb' on input line 1373.
Package xcolor Info: Model `Gray' substituted by `gray' on input line 1374.
Package xcolor Info: Model `wave' substituted by `hsb' on input line 1375.
)
(g:/program files/texlive/2022/texmf-dist/tex/generic/pgf/basiclayer/pgfcore.co
de.tex
Package: pgfcore 2021/05/15 v3.1.9a (3.1.9a)

(g:/program files/texlive/2022/texmf-dist/tex/generic/pgf/math/pgfmath.code.tex
)
(g:/program files/texlive/2022/texmf-dist/tex/generic/pgf/math/pgfint.code.tex)

(g:/program files/texlive/2022/texmf-dist/tex/generic/pgf/basiclayer/pgfcorepoi
nts.code.tex
File: pgfcorepoints.code.tex 2021/05/15 v3.1.9a (3.1.9a)
\pgf@picminx=\dimen185
\pgf@picmaxx=\dimen186
\pgf@picminy=\dimen187
\pgf@picmaxy=\dimen188
\pgf@pathminx=\dimen189
\pgf@pathmaxx=\dimen190
\pgf@pathminy=\dimen191
\pgf@pathmaxy=\dimen192
\pgf@xx=\dimen193
\pgf@xy=\dimen194
\pgf@yx=\dimen195
\pgf@yy=\dimen196
\pgf@zx=\dimen197
\pgf@zy=\dimen198
)
(g:/program files/texlive/2022/texmf-dist/tex/generic/pgf/basiclayer/pgfcorepat
hconstruct.code.tex
File: pgfcorepathconstruct.code.tex 2021/05/15 v3.1.9a (3.1.9a)
\pgf@path@lastx=\dimen199
\pgf@path@lasty=\dimen256
)
(g:/program files/texlive/2022/texmf-dist/tex/generic/pgf/basiclayer/pgfcorepat
husage.code.tex
File: pgfcorepathusage.code.tex 2021/05/15 v3.1.9a (3.1.9a)
\pgf@shorten@end@additional=\dimen257
\pgf@shorten@start@additional=\dimen258
)
(g:/program files/texlive/2022/texmf-dist/tex/generic/pgf/basiclayer/pgfcoresco
pes.code.tex
File: pgfcorescopes.code.tex 2021/05/15 v3.1.9a (3.1.9a)
\pgfpic=\box61
\pgf@hbox=\box62
\pgf@layerbox@main=\box63
\pgf@picture@serial@count=\count293
)
(g:/program files/texlive/2022/texmf-dist/tex/generic/pgf/basiclayer/pgfcoregra
phicstate.code.tex
File: pgfcoregraphicstate.code.tex 2021/05/15 v3.1.9a (3.1.9a)
\pgflinewidth=\dimen259
)
(g:/program files/texlive/2022/texmf-dist/tex/generic/pgf/basiclayer/pgfcoretra
nsformations.code.tex
File: pgfcoretransformations.code.tex 2021/05/15 v3.1.9a (3.1.9a)
\pgf@pt@x=\dimen260
\pgf@pt@y=\dimen261
\pgf@pt@temp=\dimen262
)
(g:/program files/texlive/2022/texmf-dist/tex/generic/pgf/basiclayer/pgfcorequi
ck.code.tex
File: pgfcorequick.code.tex 2021/05/15 v3.1.9a (3.1.9a)
)
(g:/program files/texlive/2022/texmf-dist/tex/generic/pgf/basiclayer/pgfcoreobj
ects.code.tex
File: pgfcoreobjects.code.tex 2021/05/15 v3.1.9a (3.1.9a)
)
(g:/program files/texlive/2022/texmf-dist/tex/generic/pgf/basiclayer/pgfcorepat
hprocessing.code.tex
File: pgfcorepathprocessing.code.tex 2021/05/15 v3.1.9a (3.1.9a)
)
(g:/program files/texlive/2022/texmf-dist/tex/generic/pgf/basiclayer/pgfcorearr
ows.code.tex
File: pgfcorearrows.code.tex 2021/05/15 v3.1.9a (3.1.9a)
\pgfarrowsep=\dimen263
)
(g:/program files/texlive/2022/texmf-dist/tex/generic/pgf/basiclayer/pgfcoresha
de.code.tex
File: pgfcoreshade.code.tex 2021/05/15 v3.1.9a (3.1.9a)
\pgf@max=\dimen264
\pgf@sys@shading@range@num=\count294
\pgf@shadingcount=\count295
)
(g:/program files/texlive/2022/texmf-dist/tex/generic/pgf/basiclayer/pgfcoreima
ge.code.tex
File: pgfcoreimage.code.tex 2021/05/15 v3.1.9a (3.1.9a)

(g:/program files/texlive/2022/texmf-dist/tex/generic/pgf/basiclayer/pgfcoreext
ernal.code.tex
File: pgfcoreexternal.code.tex 2021/05/15 v3.1.9a (3.1.9a)
\pgfexternal@startupbox=\box64
))
(g:/program files/texlive/2022/texmf-dist/tex/generic/pgf/basiclayer/pgfcorelay
ers.code.tex
File: pgfcorelayers.code.tex 2021/05/15 v3.1.9a (3.1.9a)
)
(g:/program files/texlive/2022/texmf-dist/tex/generic/pgf/basiclayer/pgfcoretra
nsparency.code.tex
File: pgfcoretransparency.code.tex 2021/05/15 v3.1.9a (3.1.9a)
)
(g:/program files/texlive/2022/texmf-dist/tex/generic/pgf/basiclayer/pgfcorepat
terns.code.tex
File: pgfcorepatterns.code.tex 2021/05/15 v3.1.9a (3.1.9a)
)
(g:/program files/texlive/2022/texmf-dist/tex/generic/pgf/basiclayer/pgfcorerdf
.code.tex
File: pgfcorerdf.code.tex 2021/05/15 v3.1.9a (3.1.9a)
)))
(g:/program files/texlive/2022/texmf-dist/tex/latex/pgf/utilities/xxcolor.sty
Package: xxcolor 2003/10/24 ver 0.1
\XC@nummixins=\count296
\XC@countmixins=\count297
)
(g:/program files/texlive/2022/texmf-dist/tex/latex/base/atbegshi-ltx.sty
Package: atbegshi-ltx 2021/01/10 v1.0c Emulation of the original atbegshi
package with kernel methods
)
(g:/program files/texlive/2022/texmf-dist/tex/latex/hyperref/hyperref.sty
Package: hyperref 2022-02-21 v7.00n Hypertext links for LaTeX

(g:/program files/texlive/2022/texmf-dist/tex/generic/ltxcmds/ltxcmds.sty
Package: ltxcmds 2020-05-10 v1.25 LaTeX kernel commands for general use (HO)
)
(g:/program files/texlive/2022/texmf-dist/tex/generic/pdftexcmds/pdftexcmds.sty
Package: pdftexcmds 2020-06-27 v0.33 Utility functions of pdfTeX for LuaTeX (HO
)
(g:/program files/texlive/2022/texmf-dist/tex/generic/infwarerr/infwarerr.sty
Package: infwarerr 2019/12/03 v1.5 Providing info/warning/error messages (HO)
)
Package pdftexcmds Info: \pdf@primitive is available.
Package pdftexcmds Info: \pdf@ifprimitive is available.
Package pdftexcmds Info: \pdfdraftmode found.
) (g:/program files/texlive/2022/texmf-dist/tex/generic/kvsetkeys/kvsetkeys.sty
Package: kvsetkeys 2019/12/15 v1.18 Key value parser (HO)
)
(g:/program files/texlive/2022/texmf-dist/tex/generic/kvdefinekeys/kvdefinekeys
.sty
Package: kvdefinekeys 2019-12-19 v1.6 Define keys (HO)
)
(g:/program files/texlive/2022/texmf-dist/tex/generic/pdfescape/pdfescape.sty
Package: pdfescape 2019/12/09 v1.15 Implements pdfTeX's escape features (HO)
)
(g:/program files/texlive/2022/texmf-dist/tex/latex/hycolor/hycolor.sty
Package: hycolor 2020-01-27 v1.10 Color options for hyperref/bookmark (HO)
)
(g:/program files/texlive/2022/texmf-dist/tex/latex/letltxmacro/letltxmacro.sty
Package: letltxmacro 2019/12/03 v1.6 Let assignment for LaTeX macros (HO)
) (g:/program files/texlive/2022/texmf-dist/tex/latex/auxhook/auxhook.sty
Package: auxhook 2019-12-17 v1.6 Hooks for auxiliary files (HO)
)
(g:/program files/texlive/2022/texmf-dist/tex/latex/kvoptions/kvoptions.sty
Package: kvoptions 2020-10-07 v3.14 Key value format for package options (HO)
)
\@linkdim=\dimen265
\Hy@linkcounter=\count298
\Hy@pagecounter=\count299

(g:/program files/texlive/2022/texmf-dist/tex/latex/hyperref/pd1enc.def
File: pd1enc.def 2022-02-21 v7.00n Hyperref: PDFDocEncoding definition (HO)
Now handling font encoding PD1 ...
... no UTF-8 mapping file for font encoding PD1
)
(g:/program files/texlive/2022/texmf-dist/tex/generic/intcalc/intcalc.sty
Package: intcalc 2019/12/15 v1.3 Expandable calculations with integers (HO)
)
(g:/program files/texlive/2022/texmf-dist/tex/generic/etexcmds/etexcmds.sty
Package: etexcmds 2019/12/15 v1.7 Avoid name clashes with e-TeX commands (HO)
)
\Hy@SavedSpaceFactor=\count300

(g:/program files/texlive/2022/texmf-dist/tex/latex/hyperref/puenc.def
File: puenc.def 2022-02-21 v7.00n Hyperref: PDF Unicode definition (HO)
Now handling font encoding PU ...
... no UTF-8 mapping file for font encoding PU
)
Package hyperref Info: Option `bookmarks' set `true' on input line 4018.
Package hyperref Info: Option `bookmarksopen' set `true' on input line 4018.
Package hyperref Info: Option `implicit' set `false' on input line 4018.
Package hyperref Info: Hyper figures OFF on input line 4137.
Package hyperref Info: Link nesting OFF on input line 4142.
Package hyperref Info: Hyper index ON on input line 4145.
Package hyperref Info: Plain pages OFF on input line 4152.
Package hyperref Info: Backreferencing OFF on input line 4157.
Package hyperref Info: Implicit mode OFF; no redefinition of LaTeX internals.
Package hyperref Info: Bookmarks ON on input line 4390.
\c@Hy@tempcnt=\count301

(g:/program files/texlive/2022/texmf-dist/tex/latex/url/url.sty
\Urlmuskip=\muskip16
Package: url 2013/09/16  ver 3.4  Verb mode for urls, etc.
)
LaTeX Info: Redefining \url on input line 4749.
\XeTeXLinkMargin=\dimen266

(g:/program files/texlive/2022/texmf-dist/tex/generic/bitset/bitset.sty
Package: bitset 2019/12/09 v1.3 Handle bit-vector datatype (HO)

(g:/program files/texlive/2022/texmf-dist/tex/generic/bigintcalc/bigintcalc.sty
Package: bigintcalc 2019/12/15 v1.5 Expandable calculations on big integers (HO
)
))
\Fld@menulength=\count302
\Field@Width=\dimen267
\Fld@charsize=\dimen268
Package hyperref Info: Hyper figures OFF on input line 6027.
Package hyperref Info: Link nesting OFF on input line 6032.
Package hyperref Info: Hyper index ON on input line 6035.
Package hyperref Info: backreferencing OFF on input line 6042.
Package hyperref Info: Link coloring OFF on input line 6047.
Package hyperref Info: Link coloring with OCG OFF on input line 6052.
Package hyperref Info: PDF/A mode OFF on input line 6057.
LaTeX Info: Redefining \ref on input line 6097.
LaTeX Info: Redefining \pageref on input line 6101.
\Hy@abspage=\count303


Package hyperref Message: Stopped early.

)
Package hyperref Info: Driver (autodetected): hpdftex.
 (g:/program files/texlive/2022/texmf-dist/tex/latex/hyperref/hpdftex.def
File: hpdftex.def 2022-02-21 v7.00n Hyperref driver for pdfTeX

(g:/program files/texlive/2022/texmf-dist/tex/latex/base/atveryend-ltx.sty
Package: atveryend-ltx 2020/08/19 v1.0a Emulation of the original atveryend pac
kage
with kernel methods
)
\Fld@listcount=\count304
\c@bookmark@seq@number=\count305

(g:/program files/texlive/2022/texmf-dist/tex/latex/rerunfilecheck/rerunfileche
ck.sty
Package: rerunfilecheck 2019/12/05 v1.9 Rerun checks for auxiliary files (HO)

(g:/program files/texlive/2022/texmf-dist/tex/generic/uniquecounter/uniquecount
er.sty
Package: uniquecounter 2019/12/15 v1.4 Provide unlimited unique counter (HO)
)
Package uniquecounter Info: New unique counter `rerunfilecheck' on input line 2
86.
))
(g:/program files/texlive/2022/texmf-dist/tex/latex/beamer/beamerbaserequires.s
ty
(g:/program files/texlive/2022/texmf-dist/tex/latex/beamer/beamerbasecompatibil
ity.sty)
(g:/program files/texlive/2022/texmf-dist/tex/latex/beamer/beamerbasefont.sty
(g:/program files/texlive/2022/texmf-dist/tex/latex/amsfonts/amssymb.sty
Package: amssymb 2013/01/14 v3.01 AMS font symbols

(g:/program files/texlive/2022/texmf-dist/tex/latex/amsfonts/amsfonts.sty
Package: amsfonts 2013/01/14 v3.01 Basic AMSFonts support
\@emptytoks=\toks28
\symAMSa=\mathgroup4
\symAMSb=\mathgroup5
LaTeX Font Info:    Redeclaring math symbol \hbar on input line 98.
LaTeX Font Info:    Overwriting math alphabet `\mathfrak' in version `bold'
(Font)                  U/euf/m/n --> U/euf/b/n on input line 106.
))
(g:/program files/texlive/2022/texmf-dist/tex/latex/sansmathaccent/sansmathacce
nt.sty
Package: sansmathaccent 2020/01/31

(g:/program files/texlive/2022/texmf-dist/tex/latex/koma-script/scrlfile.sty
Package: scrlfile 2022/05/01 v3.36 KOMA-Script package (file load hooks)

(g:/program files/texlive/2022/texmf-dist/tex/latex/koma-script/scrlfile-hook.s
ty
Package: scrlfile-hook 2022/05/01 v3.36 KOMA-Script package (using LaTeX hooks)

 (g:/program files/texlive/2022/texmf-dist/tex/latex/koma-script/scrlogo.sty
Package: scrlogo 2022/05/01 v3.36 KOMA-Script package (logo)
)))))
(g:/program files/texlive/2022/texmf-dist/tex/latex/beamer/beamerbasetranslator
.sty
(g:/program files/texlive/2022/texmf-dist/tex/latex/translator/translator.sty
Package: translator 2021-05-31 v1.12d Easy translation of strings in LaTeX
)) (g:/program files/texlive/2022/texmf-dist/tex/latex/beamer/beamerbasemisc.st
y)
(g:/program files/texlive/2022/texmf-dist/tex/latex/beamer/beamerbasetwoscreens
.sty)
(g:/program files/texlive/2022/texmf-dist/tex/latex/beamer/beamerbaseoverlay.st
y
\beamer@argscount=\count306
\beamer@lastskipcover=\skip50
\beamer@trivlistdepth=\count307
)
(g:/program files/texlive/2022/texmf-dist/tex/latex/beamer/beamerbasetitle.sty)

(g:/program files/texlive/2022/texmf-dist/tex/latex/beamer/beamerbasesection.st
y
\c@lecture=\count308
\c@part=\count309
\c@section=\count310
\c@subsection=\count311
\c@subsubsection=\count312
)
(g:/program files/texlive/2022/texmf-dist/tex/latex/beamer/beamerbaseframe.sty
\beamer@framebox=\box65
\beamer@frametitlebox=\box66
\beamer@zoombox=\box67
\beamer@zoomcount=\count313
\beamer@zoomframecount=\count314
\beamer@frametextheight=\dimen269
\c@subsectionslide=\count315
\beamer@frametopskip=\skip51
\beamer@framebottomskip=\skip52
\beamer@frametopskipautobreak=\skip53
\beamer@framebottomskipautobreak=\skip54
\beamer@envbody=\toks29
\framewidth=\dimen270
\c@framenumber=\count316
)
(g:/program files/texlive/2022/texmf-dist/tex/latex/beamer/beamerbaseverbatim.s
ty
\beamer@verbatimfileout=\write4
)
(g:/program files/texlive/2022/texmf-dist/tex/latex/beamer/beamerbaseframesize.
sty
\beamer@splitbox=\box68
\beamer@autobreakcount=\count317
\beamer@autobreaklastheight=\dimen271
\beamer@frametitletoks=\toks30
\beamer@framesubtitletoks=\toks31
)
(g:/program files/texlive/2022/texmf-dist/tex/latex/beamer/beamerbaseframecompo
nents.sty
\beamer@footins=\box69
)
(g:/program files/texlive/2022/texmf-dist/tex/latex/beamer/beamerbasecolor.sty)
(g:/program files/texlive/2022/texmf-dist/tex/latex/beamer/beamerbasenotes.sty
\beamer@frameboxcopy=\box70
) (g:/program files/texlive/2022/texmf-dist/tex/latex/beamer/beamerbasetoc.sty)

(g:/program files/texlive/2022/texmf-dist/tex/latex/beamer/beamerbasetemplates.
sty
\beamer@sbttoks=\toks32

(g:/program files/texlive/2022/texmf-dist/tex/latex/beamer/beamerbaseauxtemplat
es.sty
(g:/program files/texlive/2022/texmf-dist/tex/latex/beamer/beamerbaseboxes.sty
\bmb@box=\box71
\bmb@colorbox=\box72
\bmb@boxwidth=\dimen272
\bmb@boxheight=\dimen273
\bmb@prevheight=\dimen274
\bmb@temp=\dimen275
\bmb@dima=\dimen276
\bmb@dimb=\dimen277
\bmb@prevheight=\dimen278
)
\beamer@blockheadheight=\dimen279
))
(g:/program files/texlive/2022/texmf-dist/tex/latex/beamer/beamerbaselocalstruc
ture.sty
(g:/program files/texlive/2022/texmf-dist/tex/latex/tools/enumerate.sty
Package: enumerate 2015/07/23 v3.00 enumerate extensions (DPC)
\@enLab=\toks33
)
\beamer@bibiconwidth=\skip55
\c@figure=\count318
\c@table=\count319
\abovecaptionskip=\skip56
\belowcaptionskip=\skip57
)
(g:/program files/texlive/2022/texmf-dist/tex/latex/beamer/beamerbasenavigation
.sty
\beamer@section@min@dim=\dimen280
)
(g:/program files/texlive/2022/texmf-dist/tex/latex/beamer/beamerbasetheorems.s
ty (g:/program files/texlive/2022/texmf-dist/tex/latex/amsmath/amsmath.sty
Package: amsmath 2021/10/15 v2.17l AMS math features
\@mathmargin=\skip58

For additional information on amsmath, use the `?' option.
(g:/program files/texlive/2022/texmf-dist/tex/latex/amsmath/amstext.sty
Package: amstext 2021/08/26 v2.01 AMS text

(g:/program files/texlive/2022/texmf-dist/tex/latex/amsmath/amsgen.sty
File: amsgen.sty 1999/11/30 v2.0 generic functions
\@emptytoks=\toks34
\ex@=\dimen281
))
(g:/program files/texlive/2022/texmf-dist/tex/latex/amsmath/amsbsy.sty
Package: amsbsy 1999/11/29 v1.2d Bold Symbols
\pmbraise@=\dimen282
)
(g:/program files/texlive/2022/texmf-dist/tex/latex/amsmath/amsopn.sty
Package: amsopn 2021/08/26 v2.02 operator names
)
\inf@bad=\count320
LaTeX Info: Redefining \frac on input line 234.
\uproot@=\count321
\leftroot@=\count322
LaTeX Info: Redefining \overline on input line 399.
\classnum@=\count323
\DOTSCASE@=\count324
LaTeX Info: Redefining \ldots on input line 496.
LaTeX Info: Redefining \dots on input line 499.
LaTeX Info: Redefining \cdots on input line 620.
\Mathstrutbox@=\box73
\strutbox@=\box74
\big@size=\dimen283
LaTeX Font Info:    Redeclaring font encoding OML on input line 743.
LaTeX Font Info:    Redeclaring font encoding OMS on input line 744.
\macc@depth=\count325
\c@MaxMatrixCols=\count326
\dotsspace@=\muskip17
\c@parentequation=\count327
\dspbrk@lvl=\count328
\tag@help=\toks35
\row@=\count329
\column@=\count330
\maxfields@=\count331
\andhelp@=\toks36
\eqnshift@=\dimen284
\alignsep@=\dimen285
\tagshift@=\dimen286
\tagwidth@=\dimen287
\totwidth@=\dimen288
\lineht@=\dimen289
\@envbody=\toks37
\multlinegap=\skip59
\multlinetaggap=\skip60
\mathdisplay@stack=\toks38
LaTeX Info: Redefining \[ on input line 2938.
LaTeX Info: Redefining \] on input line 2939.
)
(g:/program files/texlive/2022/texmf-dist/tex/latex/amscls/amsthm.sty
Package: amsthm 2020/05/29 v2.20.6
\thm@style=\toks39
\thm@bodyfont=\toks40
\thm@headfont=\toks41
\thm@notefont=\toks42
\thm@headpunct=\toks43
\thm@preskip=\skip61
\thm@postskip=\skip62
\thm@headsep=\skip63
\dth@everypar=\toks44
)
\c@theorem=\count332
)
(g:/program files/texlive/2022/texmf-dist/tex/latex/beamer/beamerbasethemes.sty
))
(g:/program files/texlive/2022/texmf-dist/tex/latex/beamer/beamerthemedefault.s
ty
(g:/program files/texlive/2022/texmf-dist/tex/latex/beamer/beamerfontthemedefau
lt.sty)
(g:/program files/texlive/2022/texmf-dist/tex/latex/beamer/beamercolorthemedefa
ult.sty)
(g:/program files/texlive/2022/texmf-dist/tex/latex/beamer/beamerinnerthemedefa
ult.sty
\beamer@dima=\dimen290
\beamer@dimb=\dimen291
)
(g:/program files/texlive/2022/texmf-dist/tex/latex/beamer/beamerouterthemedefa
ult.sty)))
(g:/program files/texlive/2022/texmf-dist/tex/latex/preprint/authblk.sty
Package: authblk 2001/02/27 1.3 (PWD)
\affilsep=\skip64
\@affilsep=\skip65
\c@Maxaffil=\count333
\c@authors=\count334
\c@affil=\count335
)
(g:/program files/texlive/2022/texmf-dist/tex/latex/transparent/transparent.sty
Package: transparent 2019/11/29 v1.4 Transparency via pdfTeX's color stack (HO)

) (g:/program files/texlive/2022/texmf-dist/tex/latex/was/gensymb.sty
Package: gensymb 2003/07/02 v1.0 (WaS)
)
(g:/program files/texlive/2022/texmf-dist/tex/latex/beamer/multimedia.sty
Package: multimedia 2012/05/02 ver 0.02

(g:/program files/texlive/2022/texmf-dist/tex/generic/iftex/ifpdf.sty
Package: ifpdf 2019/10/25 v3.4 ifpdf legacy package. Use iftex instead.
)
\mm@movie=\count336
)
(g:/program files/texlive/2022/texmf-dist/tex/latex/qrcode/qrcode.sty
Package: qrcode 2015/01/08 v1.51 QR code generation

(g:/program files/texlive/2022/texmf-dist/tex/latex/xkeyval/xkeyval.sty
Package: xkeyval 2020/11/20 v2.8 package option processing (HA)

(g:/program files/texlive/2022/texmf-dist/tex/generic/xkeyval/xkeyval.tex
(g:/program files/texlive/2022/texmf-dist/tex/generic/xkeyval/xkvutils.tex
\XKV@toks=\toks45
\XKV@tempa@toks=\toks46
)
\XKV@depth=\count337
File: xkeyval.tex 2014/12/03 v2.7a key=value parser (HA)
))
\c@qr@i=\count338
\c@qr@j=\count339
\qr@a=\count340
\qr@b=\count341
\qr@c=\count342
\qr@for@depth=\count343
\qr@for@maxdepth=\count344
\qr@for@start=\count345
\qr@for@end=\count346
\qr@for@step=\count347
\qr@newforcount=\count348
\qr@newforcount=\count349
\qr@desiredheight=\skip66
\qr@modulesize=\skip67
\qr@minipagewidth=\skip68
\c@maski=\count350
\c@maskj=\count351
\c@totalones=\count352
\c@penaltyi=\count353
\c@penaltyii=\count354
\c@penaltyiii=\count355
\c@penaltyiv=\count356
\c@qr@hexchars=\count357
\qr@newforcount=\count358
\c@qr@divisionsremaining=\count359
)
(g:/program files/texlive/2022/texmf-dist/tex/latex/caption/caption.sty
Package: caption 2022/03/01 v3.6b Customizing captions (AR)

(g:/program files/texlive/2022/texmf-dist/tex/latex/caption/caption3.sty
Package: caption3 2022/03/17 v2.3b caption3 kernel (AR)
\caption@tempdima=\dimen292
\captionmargin=\dimen293
\caption@leftmargin=\dimen294
\caption@rightmargin=\dimen295
\caption@width=\dimen296
\caption@indent=\dimen297
\caption@parindent=\dimen298
\caption@hangindent=\dimen299
Package caption Info: beamer document class detected.

(g:/program files/texlive/2022/texmf-dist/tex/latex/caption/caption-beamer.sto
File: caption-beamer.sto 2022/01/06 v2.0c Adaption of the caption package to th
e beamer document classes (AR)
))
\c@caption@flags=\count360
\c@continuedfloat=\count361
Package caption Info: hyperref package is loaded.
Package caption Info: Hyperref support is turned off
(caption)             because hyperref has stopped early.
)
(g:/program files/texlive/2022/texmf-dist/tex/latex/awesomebox/awesomebox.sty
Package: awesomebox 2019/07/27 v0.6

(g:/program files/texlive/2022/texmf-dist/tex/latex/fontawesome5/fontawesome5.s
ty (g:/program files/texlive/2022/texmf-dist/tex/latex/l3kernel/expl3.sty
Package: expl3 2022-05-04 L3 programming layer (loader) 

(g:/program files/texlive/2022/texmf-dist/tex/latex/l3backend/l3backend-pdftex.
def
File: l3backend-pdftex.def 2022-04-20 L3 backend support: PDF output (pdfTeX)
\l__color_backend_stack_int=\count362
\l__pdf_internal_box=\box75
))
Package: fontawesome5 2022/05/02 v5.15.4 Font Awesome 5

(g:/program files/texlive/2022/texmf-dist/tex/latex/l3packages/l3keys2e/l3keys2
e.sty
Package: l3keys2e 2022-01-12 LaTeX2e option processing using LaTeX3 keys
)
(g:/program files/texlive/2022/texmf-dist/tex/latex/l3packages/xparse/xparse.st
y
Package: xparse 2022-01-12 L3 Experimental document command parser
)
(g:/program files/texlive/2022/texmf-dist/tex/latex/fontawesome5/fontawesome5-g
eneric-helper.sty
Package: fontawesome5-generic-helper 2022/05/02 v5.15.4 non-uTeX helper for fon
tawesome5

(g:/program files/texlive/2022/texmf-dist/tex/latex/fontawesome5/fontawesome5-m
apping.def)))
\aweboxleftmargin=\skip69
\aweboxcontentwidth=\skip70
\aweboxvskip=\skip71
\aweboxsignraise=\skip72
\aweboxrulewidth=\skip73

(g:/program files/texlive/2022/texmf-dist/tex/latex/tools/array.sty
Package: array 2021/10/04 v2.5f Tabular extension package (FMi)
\col@sep=\dimen300
\ar@mcellbox=\box76
\extrarowheight=\dimen301
\NC@list=\toks47
\extratabsurround=\skip74
\backup@length=\skip75
\ar@cellbox=\box77
)
(g:/program files/texlive/2022/texmf-dist/tex/latex/base/ifthen.sty
Package: ifthen 2020/11/24 v1.1c Standard LaTeX ifthen package (DPC)
)
\aweboxlinewidthvar=\skip76
\aweboxlinewidthref=\skip77
)
(g:/program files/texlive/2022/texmf-dist/tex/latex/beamer/beamerthemeWarsaw.st
y
(g:/program files/texlive/2022/texmf-dist/tex/latex/beamer/beamerinnerthemeroun
ded.sty)
(g:/program files/texlive/2022/texmf-dist/tex/latex/beamer/beamerouterthemeshad
ow.sty
(g:/program files/texlive/2022/texmf-dist/tex/latex/beamer/beamerouterthemespli
t.sty))
(g:/program files/texlive/2022/texmf-dist/tex/latex/beamer/beamercolorthemeorch
id.sty)
(g:/program files/texlive/2022/texmf-dist/tex/latex/beamer/beamercolorthemewhal
e.sty))
(g:/program files/texlive/2022/texmf-dist/tex/latex/beamer/beamercolorthemeseah
orse.sty)
(g:/program files/texlive/2022/texmf-dist/tex/latex/beamer/beamerfontthemeprofe
ssionalfonts.sty)
(g:/program files/texlive/2022/texmf-dist/tex/latex/beamer/beamerouterthememini
frames.sty)
Package hyperref Info: Option `colorlinks' set `true' on input line 69.
 (./DBMS.aux
<Reading QR code for "https://github.com/Sofiullah-Iqbal-Kiron/LaTeX/blob/maste
r/Presentation/Beamer/MAT205%20Mid/MAT205%20Mid.tex" at level 10-H from aux fil
e.>
)
\openout1 = `DBMS.aux'.

LaTeX Font Info:    Checking defaults for OML/cmm/m/it on input line 84.
LaTeX Font Info:    ... okay on input line 84.
LaTeX Font Info:    Checking defaults for OMS/cmsy/m/n on input line 84.
LaTeX Font Info:    ... okay on input line 84.
LaTeX Font Info:    Checking defaults for OT1/cmr/m/n on input line 84.
LaTeX Font Info:    ... okay on input line 84.
LaTeX Font Info:    Checking defaults for T1/cmr/m/n on input line 84.
LaTeX Font Info:    ... okay on input line 84.
LaTeX Font Info:    Checking defaults for TS1/cmr/m/n on input line 84.
LaTeX Font Info:    ... okay on input line 84.
LaTeX Font Info:    Checking defaults for OMX/cmex/m/n on input line 84.
LaTeX Font Info:    ... okay on input line 84.
LaTeX Font Info:    Checking defaults for U/cmr/m/n on input line 84.
LaTeX Font Info:    ... okay on input line 84.
LaTeX Font Info:    Checking defaults for PD1/pdf/m/n on input line 84.
LaTeX Font Info:    ... okay on input line 84.
LaTeX Font Info:    Checking defaults for PU/pdf/m/n on input line 84.
LaTeX Font Info:    ... okay on input line 84.

*geometry* driver: auto-detecting
*geometry* detected driver: pdftex
*geometry* verbose mode - [ preamble ] result:
* driver: pdftex
* paper: custom
* layout: <same size as paper>
* layoutoffset:(h,v)=(0.0pt,0.0pt)
* modes: includehead includefoot 
* h-part:(L,W,R)=(28.45274pt, 307.28987pt, 28.45274pt)
* v-part:(T,H,B)=(0.0pt, 273.14662pt, 0.0pt)
* \paperwidth=364.19536pt
* \paperheight=273.14662pt
* \textwidth=307.28987pt
* \textheight=244.6939pt
* \oddsidemargin=-43.81725pt
* \evensidemargin=-43.81725pt
* \topmargin=-72.26999pt
* \headheight=14.22636pt
* \headsep=0.0pt
* \topskip=9.0pt
* \footskip=14.22636pt
* \marginparwidth=4.0pt
* \marginparsep=10.0pt
* \columnsep=10.0pt
* \skip\footins=8.0pt plus 4.0pt minus 2.0pt
* \hoffset=0.0pt
* \voffset=0.0pt
* \mag=1000
* \@twocolumnfalse
* \@twosidefalse
* \@mparswitchfalse
* \@reversemarginfalse
* (1in=72.27pt=25.4mm, 1cm=28.453pt)

(g:/program files/texlive/2022/texmf-dist/tex/context/base/mkii/supp-pdf.mkii
[Loading MPS to PDF converter (version 2006.09.02).]
\scratchcounter=\count363
\scratchdimen=\dimen302
\scratchbox=\box78
\nofMPsegments=\count364
\nofMParguments=\count365
\everyMPshowfont=\toks48
\MPscratchCnt=\count366
\MPscratchDim=\dimen303
\MPnumerator=\count367
\makeMPintoPDFobject=\count368
\everyMPtoPDFconversion=\toks49
)
(g:/program files/texlive/2022/texmf-dist/tex/latex/epstopdf-pkg/epstopdf-base.
sty
Package: epstopdf-base 2020-01-24 v2.11 Base part for package epstopdf
Package epstopdf-base Info: Redefining graphics rule for `.eps' on input line 4
85.

(g:/program files/texlive/2022/texmf-dist/tex/latex/latexconfig/epstopdf-sys.cf
g
File: epstopdf-sys.cfg 2010/07/13 v1.3 Configuration of (r)epstopdf for TeX Liv
e
))
Package hyperref Info: Link coloring ON on input line 84.
 (g:/program files/texlive/2022/texmf-dist/tex/latex/hyperref/nameref.sty
Package: nameref 2021-04-02 v2.47 Cross-referencing by name of section

(g:/program files/texlive/2022/texmf-dist/tex/latex/refcount/refcount.sty
Package: refcount 2019/12/15 v3.6 Data extraction from label references (HO)
)
(g:/program files/texlive/2022/texmf-dist/tex/generic/gettitlestring/gettitlest
ring.sty
Package: gettitlestring 2019/12/15 v1.6 Cleanup title references (HO)
)
\c@section@level=\count369
)
LaTeX Info: Redefining \ref on input line 84.
LaTeX Info: Redefining \pageref on input line 84.
LaTeX Info: Redefining \nameref on input line 84.
 (./DBMS.out) (./DBMS.out)
\@outlinefile=\write5
\openout5 = `DBMS.out'.


(g:/program files/texlive/2022/texmf-dist/tex/latex/translator/translator-basic
-dictionary-English.dict
Dictionary: translator-basic-dictionary, Language: English 
)
(g:/program files/texlive/2022/texmf-dist/tex/latex/translator/translator-bibli
ography-dictionary-English.dict
Dictionary: translator-bibliography-dictionary, Language: English 
)
(g:/program files/texlive/2022/texmf-dist/tex/latex/translator/translator-envir
onment-dictionary-English.dict
Dictionary: translator-environment-dictionary, Language: English 
)
(g:/program files/texlive/2022/texmf-dist/tex/latex/translator/translator-month
s-dictionary-English.dict
Dictionary: translator-months-dictionary, Language: English 
)
(g:/program files/texlive/2022/texmf-dist/tex/latex/translator/translator-numbe
rs-dictionary-English.dict
Dictionary: translator-numbers-dictionary, Language: English 
)
(g:/program files/texlive/2022/texmf-dist/tex/latex/translator/translator-theor
em-dictionary-English.dict
Dictionary: translator-theorem-dictionary, Language: English 
)
LaTeX Info: Redefining \celsius on input line 84.
Package gensymb Info: Faking symbols for \degree and \celsius on input line 84.



Package gensymb Warning: Not defining \perthousand.

LaTeX Info: Redefining \ohm on input line 84.
Package gensymb Info: Using \Omega for \ohm on input line 84.

Package gensymb Warning: Not defining \micro.

Package caption Info: Begin \AtBeginDocument code.
Package caption Info: End \AtBeginDocument code.
(./DBMS.nav)
<../MAT205 Mid/bsmrstu.jpg, id=89, 1018.80624pt x 730.73pt>
File: ../MAT205 Mid/bsmrstu.jpg Graphic file (type jpg)
<use ../MAT205 Mid/bsmrstu.jpg>
Package pdftex.def Info: ../MAT205 Mid/bsmrstu.jpg  used on input line 90.
(pdftex.def)             Requested size: 364.18938pt x 273.14221pt.
<../Counting Principles/Logo.png, id=90, 225.84375pt x 225.84375pt>
File: ../Counting Principles/Logo.png Graphic file (type png)
<use ../Counting Principles/Logo.png>
Package pdftex.def Info: ../Counting Principles/Logo.png  used on input line 90
.
(pdftex.def)             Requested size: 20.32506pt x 20.32506pt.
 [1{g:/program files/texlive/2022/texmf-var/fonts/map/pdftex/updmap/pdftex.map}

 <../MAT205 Mid/bsmrstu.jpg> <../Counting Principles/Logo.png>]
(./DBMS.toc)
File: ../Counting Principles/Logo.png Graphic file (type png)
<use ../Counting Principles/Logo.png>
Package pdftex.def Info: ../Counting Principles/Logo.png  used on input line 96
.
(pdftex.def)             Requested size: 20.32506pt x 20.32506pt.
 [2

]
Overfull \hbox (5.69043pt too wide) in paragraph at lines 124--124
 [][][][] 
 []

LaTeX Font Info:    Trying to load font information for U+msa on input line 124
.
(g:/program files/texlive/2022/texmf-dist/tex/latex/amsfonts/umsa.fd
File: umsa.fd 2013/01/14 v3.01 AMS symbols A
)
LaTeX Font Info:    Trying to load font information for U+msb on input line 124
.

(g:/program files/texlive/2022/texmf-dist/tex/latex/amsfonts/umsb.fd
File: umsb.fd 2013/01/14 v3.01 AMS symbols B
)
LaTeX Font Info:    Trying to load font information for U+fontawesomefree1 on i
nput line 124.

(g:/program files/texlive/2022/texmf-dist/tex/latex/fontawesome5/ufontawesomefr
ee1.fd)

LaTeX Font Warning: Font shape `OT1/cmss/bx/it' undefined
(Font)              using `OT1/cmss/bx/n' instead on input line 124.




<QR code requested for "https://github.com/Sofiullah-Iqbal-Kiron/LaTeX/blob/mas
ter/Presentation/Beamer/MAT205%20Mid/MAT205%20Mid.tex" in version 8-H.>
<Requested QR version '8' is too small for desired text.
Version increased to '10' to fit text.>

<Copying the QR code for "https://github.com/Sofiullah-Iqbal-Kiron/LaTeX/blob/m
aster/Presentation/Beamer/MAT205%20Mid/MAT205%20Mid.tex" in version 10-H as pre
viously calculated.>

Overfull \vbox (13.56018pt too high) detected at line 124
 []

File: ../Counting Principles/Logo.png Graphic file (type png)
<use ../Counting Principles/Logo.png>
Package pdftex.def Info: ../Counting Principles/Logo.png  used on input line 12
4.
(pdftex.def)             Requested size: 20.32506pt x 20.32506pt.
[3

]
File: ../Counting Principles/Logo.png Graphic file (type png)
<use ../Counting Principles/Logo.png>
Package pdftex.def Info: ../Counting Principles/Logo.png  used on input line 13
6.
(pdftex.def)             Requested size: 20.32506pt x 20.32506pt.
 [4

] (./DBMS.toc)
File: ../Counting Principles/Logo.png Graphic file (type png)
<use ../Counting Principles/Logo.png>
Package pdftex.def Info: ../Counting Principles/Logo.png  used on input line 14
1.
(pdftex.def)             Requested size: 20.32506pt x 20.32506pt.
 [5

]
File: ../Counting Principles/Logo.png Graphic file (type png)
<use ../Counting Principles/Logo.png>
Package pdftex.def Info: ../Counting Principles/Logo.png  used on input line 14
8.
(pdftex.def)             Requested size: 20.32506pt x 20.32506pt.
 [6

]
File: ../Counting Principles/Logo.png Graphic file (type png)
<use ../Counting Principles/Logo.png>
Package pdftex.def Info: ../Counting Principles/Logo.png  used on input line 16
2.
(pdftex.def)             Requested size: 20.32506pt x 20.32506pt.
 [7

]
File: ../Counting Principles/Logo.png Graphic file (type png)
<use ../Counting Principles/Logo.png>
Package pdftex.def Info: ../Counting Principles/Logo.png  used on input line 17
7.
(pdftex.def)             Requested size: 20.32506pt x 20.32506pt.
 [8

]
File: ../Counting Principles/Logo.png Graphic file (type png)
<use ../Counting Principles/Logo.png>
Package pdftex.def Info: ../Counting Principles/Logo.png  used on input line 17
7.
(pdftex.def)             Requested size: 20.32506pt x 20.32506pt.
 [9

]
File: ../Counting Principles/Logo.png Graphic file (type png)
<use ../Counting Principles/Logo.png>
Package pdftex.def Info: ../Counting Principles/Logo.png  used on input line 19
8.
(pdftex.def)             Requested size: 20.32506pt x 20.32506pt.
 [10

]
File: ../Counting Principles/Logo.png Graphic file (type png)
<use ../Counting Principles/Logo.png>
Package pdftex.def Info: ../Counting Principles/Logo.png  used on input line 19
8.
(pdftex.def)             Requested size: 20.32506pt x 20.32506pt.
 [11

]
File: ../Counting Principles/Logo.png Graphic file (type png)
<use ../Counting Principles/Logo.png>
Package pdftex.def Info: ../Counting Principles/Logo.png  used on input line 19
8.
(pdftex.def)             Requested size: 20.32506pt x 20.32506pt.
 [12

]
File: ../Counting Principles/Logo.png Graphic file (type png)
<use ../Counting Principles/Logo.png>
Package pdftex.def Info: ../Counting Principles/Logo.png  used on input line 19
8.
(pdftex.def)             Requested size: 20.32506pt x 20.32506pt.
 [13

]
File: ../Counting Principles/Logo.png Graphic file (type png)
<use ../Counting Principles/Logo.png>
Package pdftex.def Info: ../Counting Principles/Logo.png  used on input line 19
8.
(pdftex.def)             Requested size: 20.32506pt x 20.32506pt.
 [14

]
File: ../Counting Principles/Logo.png Graphic file (type png)
<use ../Counting Principles/Logo.png>
Package pdftex.def Info: ../Counting Principles/Logo.png  used on input line 19
8.
(pdftex.def)             Requested size: 20.32506pt x 20.32506pt.
 [15

]
File: ../Counting Principles/Logo.png Graphic file (type png)
<use ../Counting Principles/Logo.png>
Package pdftex.def Info: ../Counting Principles/Logo.png  used on input line 19
8.
(pdftex.def)             Requested size: 20.32506pt x 20.32506pt.
 [16

]
File: ../Counting Principles/Logo.png Graphic file (type png)
<use ../Counting Principles/Logo.png>
Package pdftex.def Info: ../Counting Principles/Logo.png  used on input line 19
8.
(pdftex.def)             Requested size: 20.32506pt x 20.32506pt.

[17

] (./DBMS.toc)
File: ../Counting Principles/Logo.png Graphic file (type png)
<use ../Counting Principles/Logo.png>
Package pdftex.def Info: ../Counting Principles/Logo.png  used on input line 20
3.
(pdftex.def)             Requested size: 20.32506pt x 20.32506pt.
 [18

]
File: ../Counting Principles/Logo.png Graphic file (type png)
<use ../Counting Principles/Logo.png>
Package pdftex.def Info: ../Counting Principles/Logo.png  used on input line 21
5.
(pdftex.def)             Requested size: 20.32506pt x 20.32506pt.
 [19

]
File: ../Counting Principles/Logo.png Graphic file (type png)
<use ../Counting Principles/Logo.png>
Package pdftex.def Info: ../Counting Principles/Logo.png  used on input line 22
6.
(pdftex.def)             Requested size: 20.32506pt x 20.32506pt.
 [20

]
\openout4 = `DBMS.vrb'.

 (./DBMS.vrb)
File: ../Counting Principles/Logo.png Graphic file (type png)
<use ../Counting Principles/Logo.png>
Package pdftex.def Info: ../Counting Principles/Logo.png  used on input line 24
7.
(pdftex.def)             Requested size: 20.32506pt x 20.32506pt.
 [21

]
Overfull \hbox (1.759pt too wide) detected at line 268
[]
 []

File: ../Counting Principles/Logo.png Graphic file (type png)
<use ../Counting Principles/Logo.png>
Package pdftex.def Info: ../Counting Principles/Logo.png  used on input line 26
8.
(pdftex.def)             Requested size: 20.32506pt x 20.32506pt.
[22

]
\openout4 = `DBMS.vrb'.

 (./DBMS.vrb)
File: ../Counting Principles/Logo.png Graphic file (type png)
<use ../Counting Principles/Logo.png>
Package pdftex.def Info: ../Counting Principles/Logo.png  used on input line 29
3.
(pdftex.def)             Requested size: 20.32506pt x 20.32506pt.
 [23

]
\openout4 = `DBMS.vrb'.

 (./DBMS.vrb)
File: ../Counting Principles/Logo.png Graphic file (type png)
<use ../Counting Principles/Logo.png>
Package pdftex.def Info: ../Counting Principles/Logo.png  used on input line 31
7.
(pdftex.def)             Requested size: 20.32506pt x 20.32506pt.
 [24

]
\openout4 = `DBMS.vrb'.

 (./DBMS.vrb)
Overfull \vbox (3.33868pt too high) detected at line 343
 []

File: ../Counting Principles/Logo.png Graphic file (type png)
<use ../Counting Principles/Logo.png>
Package pdftex.def Info: ../Counting Principles/Logo.png  used on input line 34
3.
(pdftex.def)             Requested size: 20.32506pt x 20.32506pt.
[25

]
\openout4 = `DBMS.vrb'.

 (./DBMS.vrb)
File: ../Counting Principles/Logo.png Graphic file (type png)
<use ../Counting Principles/Logo.png>
Package pdftex.def Info: ../Counting Principles/Logo.png  used on input line 35
5.
(pdftex.def)             Requested size: 20.32506pt x 20.32506pt.
 [26

] (./DBMS.toc)
File: ../Counting Principles/Logo.png Graphic file (type png)
<use ../Counting Principles/Logo.png>
Package pdftex.def Info: ../Counting Principles/Logo.png  used on input line 36
0.
(pdftex.def)             Requested size: 20.32506pt x 20.32506pt.
 [27

]
\openout4 = `DBMS.vrb'.

 (./DBMS.vrb)
File: ../Counting Principles/Logo.png Graphic file (type png)
<use ../Counting Principles/Logo.png>
Package pdftex.def Info: ../Counting Principles/Logo.png  used on input line 37
2.
(pdftex.def)             Requested size: 20.32506pt x 20.32506pt.
 [28

]
\openout4 = `DBMS.vrb'.

 (./DBMS.vrb
Overfull \hbox (20.26431pt too wide) detected at line 12
\OMS/cmsy/m/n/8 ) [] [][] [][] []\OML/cmm/m/it/8 e[] \OMS/cmsy/m/n/8 ^^A \OML/c
mm/m/it/8 dx \OMS/cmsy/m/n/8 ^^A \OML/cmm/m/it/8 dy \OT1/cmr/m/n/8 = [] [][] []
[] [] \OML/cmm/m/it/8 e[] \OMS/cmsy/m/n/8 ^^A \OML/cmm/m/it/8 dx \OMS/cmsy/m/n/
8 ^^A \OML/cmm/m/it/8 dy
 []

)
File: ../Counting Principles/Logo.png Graphic file (type png)
<use ../Counting Principles/Logo.png>
Package pdftex.def Info: ../Counting Principles/Logo.png  used on input line 39
5.
(pdftex.def)             Requested size: 20.32506pt x 20.32506pt.
 [29

]
\openout4 = `DBMS.vrb'.

 (./DBMS.vrb
Overfull \hbox (12.89873pt too wide) detected at line 5
 []$[]  [][] \OT1/cmr/m/n/9 = \OML/cmm/m/it/9 c[]\OMS/cmsy/m/n/9 f\OT1/cmr/m/n/
9 (\OMS/cmsy/m/n/9 ^^@\OML/cmm/m/it/9 iu\OT1/cmr/m/n/9 )[] + (\OMS/cmsy/m/n/9 ^
^@\OML/cmm/m/it/9 iv\OT1/cmr/m/n/9 )[]\OMS/cmsy/m/n/9 g\OML/cmm/m/it/9 F\OMS/cm
sy/m/n/9 f\OML/cmm/m/it/9 z\OT1/cmr/m/n/9 (\OML/cmm/m/it/9 x; y; t\OT1/cmr/m/n/
9 )\OMS/cmsy/m/n/9 g[][] \OT1/cmr/m/n/9 = [](\OML/cmm/m/it/9 u; v; t\OT1/cmr/m/
n/9 ) = \OML/cmm/m/it/9 F\OMS/cmsy/m/n/9 f\OML/cmm/m/it/9 z\OT1/cmr/m/n/9 (\OML
/cmm/m/it/9 x; y; t\OT1/cmr/m/n/9 )\OMS/cmsy/m/n/9 g$ 
 []

)
File: ../Counting Principles/Logo.png Graphic file (type png)
<use ../Counting Principles/Logo.png>
Package pdftex.def Info: ../Counting Principles/Logo.png  used on input line 41
3.
(pdftex.def)             Requested size: 20.32506pt x 20.32506pt.
 [30

]
\openout4 = `DBMS.vrb'.

 (./DBMS.vrb)
File: ../Counting Principles/Logo.png Graphic file (type png)
<use ../Counting Principles/Logo.png>
Package pdftex.def Info: ../Counting Principles/Logo.png  used on input line 43
6.
(pdftex.def)             Requested size: 20.32506pt x 20.32506pt.
 [31

]
\openout4 = `DBMS.vrb'.

 (./DBMS.vrb
Overfull \hbox (18.16675pt too wide) detected at line 11
[]
 []

)
File: ../Counting Principles/Logo.png Graphic file (type png)
<use ../Counting Principles/Logo.png>
Package pdftex.def Info: ../Counting Principles/Logo.png  used on input line 45
8.
(pdftex.def)             Requested size: 20.32506pt x 20.32506pt.
 [32

]
\openout4 = `DBMS.vrb'.

 (./DBMS.vrb)
File: ../Counting Principles/Logo.png Graphic file (type png)
<use ../Counting Principles/Logo.png>
Package pdftex.def Info: ../Counting Principles/Logo.png  used on input line 47
2.
(pdftex.def)             Requested size: 20.32506pt x 20.32506pt.
 [33

] (./DBMS.toc)
File: ../Counting Principles/Logo.png Graphic file (type png)
<use ../Counting Principles/Logo.png>
Package pdftex.def Info: ../Counting Principles/Logo.png  used on input line 47
7.
(pdftex.def)             Requested size: 20.32506pt x 20.32506pt.
 [34

]
\openout4 = `DBMS.vrb'.

 (./DBMS.vrb)
File: ../Counting Principles/Logo.png Graphic file (type png)
<use ../Counting Principles/Logo.png>
Package pdftex.def Info: ../Counting Principles/Logo.png  used on input line 49
3.
(pdftex.def)             Requested size: 20.32506pt x 20.32506pt.
 [35

]
\tf@nav=\write6
\openout6 = `DBMS.nav'.

\tf@toc=\write7
\openout7 = `DBMS.toc'.

\tf@snm=\write8
\openout8 = `DBMS.snm'.

 (./DBMS.aux
<Reading QR code for "https://github.com/Sofiullah-Iqbal-Kiron/LaTeX/blob/maste
r/Presentation/Beamer/MAT205%20Mid/MAT205%20Mid.tex" at level 10-H from aux fil
e.>
)

LaTeX Font Warning: Some font shapes were not available, defaults substituted.

Package rerunfilecheck Info: File `DBMS.out' has not changed.
(rerunfilecheck)             Checksum: 12DFEA9EBE3738C5469BF784C848C5A2;731.
 ) 
Here is how much of TeX's memory you used:
 28993 strings out of 478300
 577476 string characters out of 5842103
 1020140 words of memory out of 5000000
 46503 multiletter control sequences out of 15000+600000
 478735 words of font info for 64 fonts, out of 8000000 for 9000
 1141 hyphenation exceptions out of 8191
 128i,19n,122p,3545b,895s stack positions out of 10000i,1000n,20000p,200000b,200000s
{g:/program files/texlive/2022/texmf-dist/fonts/enc/dvips/fontawesome5/fa5fre
e1.enc}<g:/program files/texlive/2022/texmf-dist/fonts/type1/public/fontawesome
5/FontAwesome5Free-Solid.pfb><g:/program files/texlive/2022/texmf-dist/fonts/ty
pe1/public/amsfonts/cmextra/cmex8.pfb><g:/program files/texlive/2022/texmf-dist
/fonts/type1/public/amsfonts/cmextra/cmex9.pfb><g:/program files/texlive/2022/t
exmf-dist/fonts/type1/public/amsfonts/cm/cmmi6.pfb><g:/program files/texlive/20
22/texmf-dist/fonts/type1/public/amsfonts/cm/cmmi8.pfb><g:/program files/texliv
e/2022/texmf-dist/fonts/type1/public/amsfonts/cm/cmmi9.pfb><g:/program files/te
xlive/2022/texmf-dist/fonts/type1/public/amsfonts/cm/cmr6.pfb><g:/program files
/texlive/2022/texmf-dist/fonts/type1/public/amsfonts/cm/cmr8.pfb><g:/program fi
les/texlive/2022/texmf-dist/fonts/type1/public/amsfonts/cm/cmr9.pfb><g:/program
 files/texlive/2022/texmf-dist/fonts/type1/public/amsfonts/cm/cmss10.pfb><g:/pr
ogram files/texlive/2022/texmf-dist/fonts/type1/public/amsfonts/cm/cmss8.pfb><g
:/program files/texlive/2022/texmf-dist/fonts/type1/public/amsfonts/cm/cmss9.pf
b><g:/program files/texlive/2022/texmf-dist/fonts/type1/public/amsfonts/cm/cmss
bx10.pfb><g:/program files/texlive/2022/texmf-dist/fonts/type1/public/amsfonts/
cm/cmsy6.pfb><g:/program files/texlive/2022/texmf-dist/fonts/type1/public/amsfo
nts/cm/cmsy8.pfb><g:/program files/texlive/2022/texmf-dist/fonts/type1/public/a
msfonts/cm/cmsy9.pfb><g:/program files/texlive/2022/texmf-dist/fonts/type1/publ
ic/amsfonts/cm/cmtt9.pfb><g:/program files/texlive/2022/texmf-dist/fonts/type1/
public/amsfonts/symbols/msam10.pfb>
Output written on DBMS.pdf (35 pages, 645882 bytes).
PDF statistics:
 2363 PDF objects out of 2487 (max. 8388607)
 2175 compressed objects within 22 object streams
 78 named destinations out of 1000 (max. 500000)
 419 words of extra memory for PDF output out of 10000 (max. 10000000)

