This is pdfTeX, Version 3.141592653-2.6-1.40.24 (TeX Live 2022) (preloaded format=pdflatex 2023.2.12)  14 JUN 2023 22:25
entering extended mode
 restricted \write18 enabled.
 file:line:error style messages enabled.
 %&-line parsing enabled.
**"e:/Documents/LaTeX/Presentation/Beamer/CSE359 Software Engineering/CSE359.tex"
(e:/Documents/LaTeX/Presentation/Beamer/CSE359 Software Engineering/CSE359.tex
LaTeX2e <2022-11-01> patch level 1
L3 programming layer <2023-02-07> (g:/program files/texlive/2022/texmf-dist/tex/latex/beamer/beamer.cls
Document Class: beamer 2022/09/13 v3.68 A class for typesetting presentations
(g:/program files/texlive/2022/texmf-dist/tex/latex/beamer/beamerbasemodes.sty (g:/program files/texlive/2022/texmf-dist/tex/latex/etoolbox/etoolbox.sty
Package: etoolbox 2020/10/05 v2.5k e-TeX tools for LaTeX (JAW)
\etb@tempcnta=\count185
)
\beamer@tempbox=\box51
\beamer@tempcount=\count186
\c@beamerpauses=\count187
 (g:/program files/texlive/2022/texmf-dist/tex/latex/beamer/beamerbasedecode.sty
\beamer@slideinframe=\count188
\beamer@minimum=\count189
\beamer@decode@box=\box52
)
\beamer@commentbox=\box53
\beamer@modecount=\count190
) (g:/program files/texlive/2022/texmf-dist/tex/generic/iftex/iftex.sty
Package: iftex 2022/02/03 v1.0f TeX engine tests
)
\headdp=\dimen140
\footheight=\dimen141
\sidebarheight=\dimen142
\beamer@tempdim=\dimen143
\beamer@finalheight=\dimen144
\beamer@animht=\dimen145
\beamer@animdp=\dimen146
\beamer@animwd=\dimen147
\beamer@leftmargin=\dimen148
\beamer@rightmargin=\dimen149
\beamer@leftsidebar=\dimen150
\beamer@rightsidebar=\dimen151
\beamer@boxsize=\dimen152
\beamer@vboxoffset=\dimen153
\beamer@descdefault=\dimen154
\beamer@descriptionwidth=\dimen155
\beamer@lastskip=\skip48
\beamer@areabox=\box54
\beamer@animcurrent=\box55
\beamer@animshowbox=\box56
\beamer@sectionbox=\box57
\beamer@logobox=\box58
\beamer@linebox=\box59
\beamer@sectioncount=\count191
\beamer@subsubsectionmax=\count192
\beamer@subsectionmax=\count193
\beamer@sectionmax=\count194
\beamer@totalheads=\count195
\beamer@headcounter=\count196
\beamer@partstartpage=\count197
\beamer@sectionstartpage=\count198
\beamer@subsectionstartpage=\count199
\beamer@animationtempa=\count266
\beamer@animationtempb=\count267
\beamer@xpos=\count268
\beamer@ypos=\count269
\beamer@ypos@offset=\count270
\beamer@showpartnumber=\count271
\beamer@currentsubsection=\count272
\beamer@coveringdepth=\count273
\beamer@sectionadjust=\count274
\beamer@toclastsection=\count275
\beamer@tocsectionnumber=\count276
 (g:/program files/texlive/2022/texmf-dist/tex/latex/beamer/beamerbaseoptions.sty (g:/program files/texlive/2022/texmf-dist/tex/latex/graphics/keyval.sty
Package: keyval 2022/05/29 v1.15 key=value parser (DPC)
\KV@toks@=\toks16
))
\beamer@paperwidth=\skip49
\beamer@paperheight=\skip50
 (g:/program files/texlive/2022/texmf-dist/tex/latex/geometry/geometry.sty
Package: geometry 2020/01/02 v5.9 Page Geometry
 (g:/program files/texlive/2022/texmf-dist/tex/generic/iftex/ifvtex.sty
Package: ifvtex 2019/10/25 v1.7 ifvtex legacy package. Use iftex instead.
)
\Gm@cnth=\count277
\Gm@cntv=\count278
\c@Gm@tempcnt=\count279
\Gm@bindingoffset=\dimen156
\Gm@wd@mp=\dimen157
\Gm@odd@mp=\dimen158
\Gm@even@mp=\dimen159
\Gm@layoutwidth=\dimen160
\Gm@layoutheight=\dimen161
\Gm@layouthoffset=\dimen162
\Gm@layoutvoffset=\dimen163
\Gm@dimlist=\toks17
) (g:/program files/texlive/2022/texmf-dist/tex/latex/pgf/math/pgfmath.sty (g:/program files/texlive/2022/texmf-dist/tex/latex/pgf/utilities/pgfrcs.sty (g:/program files/texlive/2022/texmf-dist/tex/generic/pgf/utilities/pgfutil-common.tex
\pgfutil@everybye=\toks18
\pgfutil@tempdima=\dimen164
\pgfutil@tempdimb=\dimen165
) (g:/program files/texlive/2022/texmf-dist/tex/generic/pgf/utilities/pgfutil-latex.def
\pgfutil@abb=\box60
) (g:/program files/texlive/2022/texmf-dist/tex/generic/pgf/utilities/pgfrcs.code.tex (g:/program files/texlive/2022/texmf-dist/tex/generic/pgf/pgf.revision.tex)
Package: pgfrcs 2023-01-15 v3.1.10 (3.1.10)
)) (g:/program files/texlive/2022/texmf-dist/tex/latex/pgf/utilities/pgfkeys.sty (g:/program files/texlive/2022/texmf-dist/tex/generic/pgf/utilities/pgfkeys.code.tex
\pgfkeys@pathtoks=\toks19
\pgfkeys@temptoks=\toks20
 (g:/program files/texlive/2022/texmf-dist/tex/generic/pgf/utilities/pgfkeyslibraryfiltered.code.tex
\pgfkeys@tmptoks=\toks21
))) (g:/program files/texlive/2022/texmf-dist/tex/generic/pgf/math/pgfmath.code.tex (g:/program files/texlive/2022/texmf-dist/tex/generic/pgf/math/pgfmathutil.code.tex
\pgf@x=\dimen166
\pgf@xa=\dimen167
\pgf@xb=\dimen168
\pgf@xc=\dimen169
\pgf@y=\dimen170
\pgf@ya=\dimen171
\pgf@yb=\dimen172
\pgf@yc=\dimen173
\c@pgf@counta=\count280
\c@pgf@countb=\count281
\c@pgf@countc=\count282
\c@pgf@countd=\count283
) (g:/program files/texlive/2022/texmf-dist/tex/generic/pgf/math/pgfmathparser.code.tex
\pgfmath@dimen=\dimen174
\pgfmath@count=\count284
\pgfmath@box=\box61
\pgfmath@toks=\toks22
\pgfmath@stack@operand=\toks23
\pgfmath@stack@operation=\toks24
) (g:/program files/texlive/2022/texmf-dist/tex/generic/pgf/math/pgfmathfunctions.code.tex) (g:/program files/texlive/2022/texmf-dist/tex/generic/pgf/math/pgfmathfunctions.basic.code.tex) (g:/program files/texlive/2022/texmf-dist/tex/generic/pgf/math/pgfmathfunctions.trigonometric.code.tex) (g:/program files/texlive/2022/texmf-dist/tex/generic/pgf/math/pgfmathfunctions.random.code.tex) (g:/program files/texlive/2022/texmf-dist/tex/generic/pgf/math/pgfmathfunctions.comparison.code.tex) (g:/program files/texlive/2022/texmf-dist/tex/generic/pgf/math/pgfmathfunctions.base.code.tex) (g:/program files/texlive/2022/texmf-dist/tex/generic/pgf/math/pgfmathfunctions.round.code.tex) (g:/program files/texlive/2022/texmf-dist/tex/generic/pgf/math/pgfmathfunctions.misc.code.tex) (g:/program files/texlive/2022/texmf-dist/tex/generic/pgf/math/pgfmathfunctions.integerarithmetics.code.tex) (g:/program files/texlive/2022/texmf-dist/tex/generic/pgf/math/pgfmathcalc.code.tex) (g:/program files/texlive/2022/texmf-dist/tex/generic/pgf/math/pgfmathfloat.code.tex
\c@pgfmathroundto@lastzeros=\count285
))) (g:/program files/texlive/2022/texmf-dist/tex/latex/extsizes/size9.clo
File: size9.clo 1999/11/11 v1.4a NON-Standard LaTeX file (size option)
) (g:/program files/texlive/2022/texmf-dist/tex/latex/pgf/basiclayer/pgfcore.sty (g:/program files/texlive/2022/texmf-dist/tex/latex/graphics/graphicx.sty
Package: graphicx 2021/09/16 v1.2d Enhanced LaTeX Graphics (DPC,SPQR)
 (g:/program files/texlive/2022/texmf-dist/tex/latex/graphics/graphics.sty
Package: graphics 2022/03/10 v1.4e Standard LaTeX Graphics (DPC,SPQR)
 (g:/program files/texlive/2022/texmf-dist/tex/latex/graphics/trig.sty
Package: trig 2021/08/11 v1.11 sin cos tan (DPC)
) (g:/program files/texlive/2022/texmf-dist/tex/latex/graphics-cfg/graphics.cfg
File: graphics.cfg 2016/06/04 v1.11 sample graphics configuration
)
Package graphics Info: Driver file: pdftex.def on input line 107.
 (g:/program files/texlive/2022/texmf-dist/tex/latex/graphics-def/pdftex.def
File: pdftex.def 2022/09/22 v1.2b Graphics/color driver for pdftex
))
\Gin@req@height=\dimen175
\Gin@req@width=\dimen176
) (g:/program files/texlive/2022/texmf-dist/tex/latex/pgf/systemlayer/pgfsys.sty (g:/program files/texlive/2022/texmf-dist/tex/generic/pgf/systemlayer/pgfsys.code.tex
Package: pgfsys 2023-01-15 v3.1.10 (3.1.10)
\pgf@x=\dimen177
\pgf@y=\dimen178
\pgf@xa=\dimen179
\pgf@ya=\dimen180
\pgf@xb=\dimen181
\pgf@yb=\dimen182
\pgf@xc=\dimen183
\pgf@yc=\dimen184
\pgf@xd=\dimen185
\pgf@yd=\dimen186
\w@pgf@writea=\write3
\r@pgf@reada=\read2
\c@pgf@counta=\count286
\c@pgf@countb=\count287
\c@pgf@countc=\count288
\c@pgf@countd=\count289
\t@pgf@toka=\toks25
\t@pgf@tokb=\toks26
\t@pgf@tokc=\toks27
\pgf@sys@id@count=\count290
 (g:/program files/texlive/2022/texmf-dist/tex/generic/pgf/systemlayer/pgf.cfg
File: pgf.cfg 2023-01-15 v3.1.10 (3.1.10)
)
Driver file for pgf: pgfsys-pdftex.def
 (g:/program files/texlive/2022/texmf-dist/tex/generic/pgf/systemlayer/pgfsys-pdftex.def
File: pgfsys-pdftex.def 2023-01-15 v3.1.10 (3.1.10)
 (g:/program files/texlive/2022/texmf-dist/tex/generic/pgf/systemlayer/pgfsys-common-pdf.def
File: pgfsys-common-pdf.def 2023-01-15 v3.1.10 (3.1.10)
))) (g:/program files/texlive/2022/texmf-dist/tex/generic/pgf/systemlayer/pgfsyssoftpath.code.tex
File: pgfsyssoftpath.code.tex 2023-01-15 v3.1.10 (3.1.10)
\pgfsyssoftpath@smallbuffer@items=\count291
\pgfsyssoftpath@bigbuffer@items=\count292
) (g:/program files/texlive/2022/texmf-dist/tex/generic/pgf/systemlayer/pgfsysprotocol.code.tex
File: pgfsysprotocol.code.tex 2023-01-15 v3.1.10 (3.1.10)
)) (g:/program files/texlive/2022/texmf-dist/tex/latex/xcolor/xcolor.sty
Package: xcolor 2022/06/12 v2.14 LaTeX color extensions (UK)
 (g:/program files/texlive/2022/texmf-dist/tex/latex/graphics-cfg/color.cfg
File: color.cfg 2016/01/02 v1.6 sample color configuration
)
Package xcolor Info: Driver file: pdftex.def on input line 227.
 (g:/program files/texlive/2022/texmf-dist/tex/latex/graphics/mathcolor.ltx)
Package xcolor Info: Model `cmy' substituted by `cmy0' on input line 1353.
Package xcolor Info: Model `hsb' substituted by `rgb' on input line 1357.
Package xcolor Info: Model `RGB' extended on input line 1369.
Package xcolor Info: Model `HTML' substituted by `rgb' on input line 1371.
Package xcolor Info: Model `Hsb' substituted by `hsb' on input line 1372.
Package xcolor Info: Model `tHsb' substituted by `hsb' on input line 1373.
Package xcolor Info: Model `HSB' substituted by `hsb' on input line 1374.
Package xcolor Info: Model `Gray' substituted by `gray' on input line 1375.
Package xcolor Info: Model `wave' substituted by `hsb' on input line 1376.
) (g:/program files/texlive/2022/texmf-dist/tex/generic/pgf/basiclayer/pgfcore.code.tex
Package: pgfcore 2023-01-15 v3.1.10 (3.1.10)
 (g:/program files/texlive/2022/texmf-dist/tex/generic/pgf/math/pgfint.code.tex) (g:/program files/texlive/2022/texmf-dist/tex/generic/pgf/basiclayer/pgfcorepoints.code.tex
File: pgfcorepoints.code.tex 2023-01-15 v3.1.10 (3.1.10)
\pgf@picminx=\dimen187
\pgf@picmaxx=\dimen188
\pgf@picminy=\dimen189
\pgf@picmaxy=\dimen190
\pgf@pathminx=\dimen191
\pgf@pathmaxx=\dimen192
\pgf@pathminy=\dimen193
\pgf@pathmaxy=\dimen194
\pgf@xx=\dimen195
\pgf@xy=\dimen196
\pgf@yx=\dimen197
\pgf@yy=\dimen198
\pgf@zx=\dimen199
\pgf@zy=\dimen256
) (g:/program files/texlive/2022/texmf-dist/tex/generic/pgf/basiclayer/pgfcorepathconstruct.code.tex
File: pgfcorepathconstruct.code.tex 2023-01-15 v3.1.10 (3.1.10)
\pgf@path@lastx=\dimen257
\pgf@path@lasty=\dimen258
) (g:/program files/texlive/2022/texmf-dist/tex/generic/pgf/basiclayer/pgfcorepathusage.code.tex
File: pgfcorepathusage.code.tex 2023-01-15 v3.1.10 (3.1.10)
\pgf@shorten@end@additional=\dimen259
\pgf@shorten@start@additional=\dimen260
) (g:/program files/texlive/2022/texmf-dist/tex/generic/pgf/basiclayer/pgfcorescopes.code.tex
File: pgfcorescopes.code.tex 2023-01-15 v3.1.10 (3.1.10)
\pgfpic=\box62
\pgf@hbox=\box63
\pgf@layerbox@main=\box64
\pgf@picture@serial@count=\count293
) (g:/program files/texlive/2022/texmf-dist/tex/generic/pgf/basiclayer/pgfcoregraphicstate.code.tex
File: pgfcoregraphicstate.code.tex 2023-01-15 v3.1.10 (3.1.10)
\pgflinewidth=\dimen261
) (g:/program files/texlive/2022/texmf-dist/tex/generic/pgf/basiclayer/pgfcoretransformations.code.tex
File: pgfcoretransformations.code.tex 2023-01-15 v3.1.10 (3.1.10)
\pgf@pt@x=\dimen262
\pgf@pt@y=\dimen263
\pgf@pt@temp=\dimen264
) (g:/program files/texlive/2022/texmf-dist/tex/generic/pgf/basiclayer/pgfcorequick.code.tex
File: pgfcorequick.code.tex 2023-01-15 v3.1.10 (3.1.10)
) (g:/program files/texlive/2022/texmf-dist/tex/generic/pgf/basiclayer/pgfcoreobjects.code.tex
File: pgfcoreobjects.code.tex 2023-01-15 v3.1.10 (3.1.10)
) (g:/program files/texlive/2022/texmf-dist/tex/generic/pgf/basiclayer/pgfcorepathprocessing.code.tex
File: pgfcorepathprocessing.code.tex 2023-01-15 v3.1.10 (3.1.10)
) (g:/program files/texlive/2022/texmf-dist/tex/generic/pgf/basiclayer/pgfcorearrows.code.tex
File: pgfcorearrows.code.tex 2023-01-15 v3.1.10 (3.1.10)
\pgfarrowsep=\dimen265
) (g:/program files/texlive/2022/texmf-dist/tex/generic/pgf/basiclayer/pgfcoreshade.code.tex
File: pgfcoreshade.code.tex 2023-01-15 v3.1.10 (3.1.10)
\pgf@max=\dimen266
\pgf@sys@shading@range@num=\count294
\pgf@shadingcount=\count295
) (g:/program files/texlive/2022/texmf-dist/tex/generic/pgf/basiclayer/pgfcoreimage.code.tex
File: pgfcoreimage.code.tex 2023-01-15 v3.1.10 (3.1.10)
) (g:/program files/texlive/2022/texmf-dist/tex/generic/pgf/basiclayer/pgfcoreexternal.code.tex
File: pgfcoreexternal.code.tex 2023-01-15 v3.1.10 (3.1.10)
\pgfexternal@startupbox=\box65
) (g:/program files/texlive/2022/texmf-dist/tex/generic/pgf/basiclayer/pgfcorelayers.code.tex
File: pgfcorelayers.code.tex 2023-01-15 v3.1.10 (3.1.10)
) (g:/program files/texlive/2022/texmf-dist/tex/generic/pgf/basiclayer/pgfcoretransparency.code.tex
File: pgfcoretransparency.code.tex 2023-01-15 v3.1.10 (3.1.10)
) (g:/program files/texlive/2022/texmf-dist/tex/generic/pgf/basiclayer/pgfcorepatterns.code.tex
File: pgfcorepatterns.code.tex 2023-01-15 v3.1.10 (3.1.10)
) (g:/program files/texlive/2022/texmf-dist/tex/generic/pgf/basiclayer/pgfcorerdf.code.tex
File: pgfcorerdf.code.tex 2023-01-15 v3.1.10 (3.1.10)
))) (g:/program files/texlive/2022/texmf-dist/tex/latex/pgf/utilities/xxcolor.sty
Package: xxcolor 2003/10/24 ver 0.1
\XC@nummixins=\count296
\XC@countmixins=\count297
) (g:/program files/texlive/2022/texmf-dist/tex/latex/base/atbegshi-ltx.sty
Package: atbegshi-ltx 2021/01/10 v1.0c Emulation of the original atbegshi
package with kernel methods
) (g:/program files/texlive/2022/texmf-dist/tex/latex/hyperref/hyperref.sty
Package: hyperref 2023-02-07 v7.00v Hypertext links for LaTeX
 (g:/program files/texlive/2022/texmf-dist/tex/generic/ltxcmds/ltxcmds.sty
Package: ltxcmds 2020-05-10 v1.25 LaTeX kernel commands for general use (HO)
) (g:/program files/texlive/2022/texmf-dist/tex/generic/pdftexcmds/pdftexcmds.sty
Package: pdftexcmds 2020-06-27 v0.33 Utility functions of pdfTeX for LuaTeX (HO)
 (g:/program files/texlive/2022/texmf-dist/tex/generic/infwarerr/infwarerr.sty
Package: infwarerr 2019/12/03 v1.5 Providing info/warning/error messages (HO)
)
Package pdftexcmds Info: \pdf@primitive is available.
Package pdftexcmds Info: \pdf@ifprimitive is available.
Package pdftexcmds Info: \pdfdraftmode found.
) (g:/program files/texlive/2022/texmf-dist/tex/latex/kvsetkeys/kvsetkeys.sty
Package: kvsetkeys 2022-10-05 v1.19 Key value parser (HO)
) (g:/program files/texlive/2022/texmf-dist/tex/generic/kvdefinekeys/kvdefinekeys.sty
Package: kvdefinekeys 2019-12-19 v1.6 Define keys (HO)
) (g:/program files/texlive/2022/texmf-dist/tex/generic/pdfescape/pdfescape.sty
Package: pdfescape 2019/12/09 v1.15 Implements pdfTeX's escape features (HO)
) (g:/program files/texlive/2022/texmf-dist/tex/latex/hycolor/hycolor.sty
Package: hycolor 2020-01-27 v1.10 Color options for hyperref/bookmark (HO)
) (g:/program files/texlive/2022/texmf-dist/tex/latex/letltxmacro/letltxmacro.sty
Package: letltxmacro 2019/12/03 v1.6 Let assignment for LaTeX macros (HO)
) (g:/program files/texlive/2022/texmf-dist/tex/latex/auxhook/auxhook.sty
Package: auxhook 2019-12-17 v1.6 Hooks for auxiliary files (HO)
) (g:/program files/texlive/2022/texmf-dist/tex/latex/hyperref/nameref.sty
Package: nameref 2022-05-17 v2.50 Cross-referencing by name of section
 (g:/program files/texlive/2022/texmf-dist/tex/latex/refcount/refcount.sty
Package: refcount 2019/12/15 v3.6 Data extraction from label references (HO)
) (g:/program files/texlive/2022/texmf-dist/tex/generic/gettitlestring/gettitlestring.sty
Package: gettitlestring 2019/12/15 v1.6 Cleanup title references (HO)
 (g:/program files/texlive/2022/texmf-dist/tex/latex/kvoptions/kvoptions.sty
Package: kvoptions 2022-06-15 v3.15 Key value format for package options (HO)
))
\c@section@level=\count298
)
\@linkdim=\dimen267
\Hy@linkcounter=\count299
\Hy@pagecounter=\count300
 (g:/program files/texlive/2022/texmf-dist/tex/latex/hyperref/pd1enc.def
File: pd1enc.def 2023-02-07 v7.00v Hyperref: PDFDocEncoding definition (HO)
Now handling font encoding PD1 ...
... no UTF-8 mapping file for font encoding PD1
) (g:/program files/texlive/2022/texmf-dist/tex/generic/intcalc/intcalc.sty
Package: intcalc 2019/12/15 v1.3 Expandable calculations with integers (HO)
) (g:/program files/texlive/2022/texmf-dist/tex/generic/etexcmds/etexcmds.sty
Package: etexcmds 2019/12/15 v1.7 Avoid name clashes with e-TeX commands (HO)
)
\Hy@SavedSpaceFactor=\count301
 (g:/program files/texlive/2022/texmf-dist/tex/latex/hyperref/puenc.def
File: puenc.def 2023-02-07 v7.00v Hyperref: PDF Unicode definition (HO)
Now handling font encoding PU ...
... no UTF-8 mapping file for font encoding PU
)
Package hyperref Info: Option `bookmarks' set `true' on input line 4060.
Package hyperref Info: Option `bookmarksopen' set `true' on input line 4060.
Package hyperref Info: Option `implicit' set `false' on input line 4060.
Package hyperref Info: Hyper figures OFF on input line 4177.
Package hyperref Info: Link nesting OFF on input line 4182.
Package hyperref Info: Hyper index ON on input line 4185.
Package hyperref Info: Plain pages OFF on input line 4192.
Package hyperref Info: Backreferencing OFF on input line 4197.
Package hyperref Info: Implicit mode OFF; no redefinition of LaTeX internals.
Package hyperref Info: Bookmarks ON on input line 4425.
\c@Hy@tempcnt=\count302
 (g:/program files/texlive/2022/texmf-dist/tex/latex/url/url.sty
\Urlmuskip=\muskip16
Package: url 2013/09/16  ver 3.4  Verb mode for urls, etc.
)
LaTeX Info: Redefining \url on input line 4763.
\XeTeXLinkMargin=\dimen268
 (g:/program files/texlive/2022/texmf-dist/tex/generic/bitset/bitset.sty
Package: bitset 2019/12/09 v1.3 Handle bit-vector datatype (HO)
 (g:/program files/texlive/2022/texmf-dist/tex/generic/bigintcalc/bigintcalc.sty
Package: bigintcalc 2019/12/15 v1.5 Expandable calculations on big integers (HO)
))
\Fld@menulength=\count303
\Field@Width=\dimen269
\Fld@charsize=\dimen270
Package hyperref Info: Hyper figures OFF on input line 6042.
Package hyperref Info: Link nesting OFF on input line 6047.
Package hyperref Info: Hyper index ON on input line 6050.
Package hyperref Info: backreferencing OFF on input line 6057.
Package hyperref Info: Link coloring OFF on input line 6062.
Package hyperref Info: Link coloring with OCG OFF on input line 6067.
Package hyperref Info: PDF/A mode OFF on input line 6072.
\Hy@abspage=\count304


Package hyperref Message: Stopped early.

)
Package hyperref Info: Driver (autodetected): hpdftex.
 (g:/program files/texlive/2022/texmf-dist/tex/latex/hyperref/hpdftex.def
File: hpdftex.def 2023-02-07 v7.00v Hyperref driver for pdfTeX
 (g:/program files/texlive/2022/texmf-dist/tex/latex/base/atveryend-ltx.sty
Package: atveryend-ltx 2020/08/19 v1.0a Emulation of the original atveryend package
with kernel methods
)
\Fld@listcount=\count305
\c@bookmark@seq@number=\count306
 (g:/program files/texlive/2022/texmf-dist/tex/latex/rerunfilecheck/rerunfilecheck.sty
Package: rerunfilecheck 2022-07-10 v1.10 Rerun checks for auxiliary files (HO)
 (g:/program files/texlive/2022/texmf-dist/tex/generic/uniquecounter/uniquecounter.sty
Package: uniquecounter 2019/12/15 v1.4 Provide unlimited unique counter (HO)
)
Package uniquecounter Info: New unique counter `rerunfilecheck' on input line 285.
)) (g:/program files/texlive/2022/texmf-dist/tex/latex/beamer/beamerbaserequires.sty (g:/program files/texlive/2022/texmf-dist/tex/latex/beamer/beamerbasecompatibility.sty) (g:/program files/texlive/2022/texmf-dist/tex/latex/beamer/beamerbasefont.sty (g:/program files/texlive/2022/texmf-dist/tex/latex/amsfonts/amssymb.sty
Package: amssymb 2013/01/14 v3.01 AMS font symbols
 (g:/program files/texlive/2022/texmf-dist/tex/latex/amsfonts/amsfonts.sty
Package: amsfonts 2013/01/14 v3.01 Basic AMSFonts support
\@emptytoks=\toks28
\symAMSa=\mathgroup4
\symAMSb=\mathgroup5
LaTeX Font Info:    Redeclaring math symbol \hbar on input line 98.
LaTeX Font Info:    Overwriting math alphabet `\mathfrak' in version `bold'
(Font)                  U/euf/m/n --> U/euf/b/n on input line 106.
)) (g:/program files/texlive/2022/texmf-dist/tex/latex/sansmathaccent/sansmathaccent.sty
Package: sansmathaccent 2020/01/31
 (g:/program files/texlive/2022/texmf-dist/tex/latex/koma-script/scrlfile.sty
Package: scrlfile 2022/10/12 v3.38 KOMA-Script package (file load hooks)
 (g:/program files/texlive/2022/texmf-dist/tex/latex/koma-script/scrlfile-hook.sty
Package: scrlfile-hook 2022/10/12 v3.38 KOMA-Script package (using LaTeX hooks)
 (g:/program files/texlive/2022/texmf-dist/tex/latex/koma-script/scrlogo.sty
Package: scrlogo 2022/10/12 v3.38 KOMA-Script package (logo)
))))) (g:/program files/texlive/2022/texmf-dist/tex/latex/beamer/beamerbasetranslator.sty (g:/program files/texlive/2022/texmf-dist/tex/latex/translator/translator.sty
Package: translator 2021-05-31 v1.12d Easy translation of strings in LaTeX
)) (g:/program files/texlive/2022/texmf-dist/tex/latex/beamer/beamerbasemisc.sty) (g:/program files/texlive/2022/texmf-dist/tex/latex/beamer/beamerbasetwoscreens.sty) (g:/program files/texlive/2022/texmf-dist/tex/latex/beamer/beamerbaseoverlay.sty
\beamer@argscount=\count307
\beamer@lastskipcover=\skip51
\beamer@trivlistdepth=\count308
) (g:/program files/texlive/2022/texmf-dist/tex/latex/beamer/beamerbasetitle.sty) (g:/program files/texlive/2022/texmf-dist/tex/latex/beamer/beamerbasesection.sty
\c@lecture=\count309
\c@part=\count310
\c@section=\count311
\c@subsection=\count312
\c@subsubsection=\count313
) (g:/program files/texlive/2022/texmf-dist/tex/latex/beamer/beamerbaseframe.sty
\beamer@framebox=\box66
\beamer@frametitlebox=\box67
\beamer@zoombox=\box68
\beamer@zoomcount=\count314
\beamer@zoomframecount=\count315
\beamer@frametextheight=\dimen271
\c@subsectionslide=\count316
\beamer@frametopskip=\skip52
\beamer@framebottomskip=\skip53
\beamer@frametopskipautobreak=\skip54
\beamer@framebottomskipautobreak=\skip55
\beamer@envbody=\toks29
\framewidth=\dimen272
\c@framenumber=\count317
) (g:/program files/texlive/2022/texmf-dist/tex/latex/beamer/beamerbaseverbatim.sty
\beamer@verbatimfileout=\write4
) (g:/program files/texlive/2022/texmf-dist/tex/latex/beamer/beamerbaseframesize.sty
\beamer@splitbox=\box69
\beamer@autobreakcount=\count318
\beamer@autobreaklastheight=\dimen273
\beamer@frametitletoks=\toks30
\beamer@framesubtitletoks=\toks31
) (g:/program files/texlive/2022/texmf-dist/tex/latex/beamer/beamerbaseframecomponents.sty
\beamer@footins=\box70
) (g:/program files/texlive/2022/texmf-dist/tex/latex/beamer/beamerbasecolor.sty) (g:/program files/texlive/2022/texmf-dist/tex/latex/beamer/beamerbasenotes.sty
\beamer@frameboxcopy=\box71
) (g:/program files/texlive/2022/texmf-dist/tex/latex/beamer/beamerbasetoc.sty) (g:/program files/texlive/2022/texmf-dist/tex/latex/beamer/beamerbasetemplates.sty
\beamer@sbttoks=\toks32
 (g:/program files/texlive/2022/texmf-dist/tex/latex/beamer/beamerbaseauxtemplates.sty (g:/program files/texlive/2022/texmf-dist/tex/latex/beamer/beamerbaseboxes.sty
\bmb@box=\box72
\bmb@colorbox=\box73
\bmb@boxwidth=\dimen274
\bmb@boxheight=\dimen275
\bmb@prevheight=\dimen276
\bmb@temp=\dimen277
\bmb@dima=\dimen278
\bmb@dimb=\dimen279
\bmb@prevheight=\dimen280
)
\beamer@blockheadheight=\dimen281
)) (g:/program files/texlive/2022/texmf-dist/tex/latex/beamer/beamerbaselocalstructure.sty (g:/program files/texlive/2022/texmf-dist/tex/latex/tools/enumerate.sty
Package: enumerate 2015/07/23 v3.00 enumerate extensions (DPC)
\@enLab=\toks33
)
\beamer@bibiconwidth=\skip56
\c@figure=\count319
\c@table=\count320
\abovecaptionskip=\skip57
\belowcaptionskip=\skip58
) (g:/program files/texlive/2022/texmf-dist/tex/latex/beamer/beamerbasenavigation.sty
\beamer@section@min@dim=\dimen282
) (g:/program files/texlive/2022/texmf-dist/tex/latex/beamer/beamerbasetheorems.sty (g:/program files/texlive/2022/texmf-dist/tex/latex/amsmath/amsmath.sty
Package: amsmath 2022/04/08 v2.17n AMS math features
\@mathmargin=\skip59

For additional information on amsmath, use the `?' option.
(g:/program files/texlive/2022/texmf-dist/tex/latex/amsmath/amstext.sty
Package: amstext 2021/08/26 v2.01 AMS text
 (g:/program files/texlive/2022/texmf-dist/tex/latex/amsmath/amsgen.sty
File: amsgen.sty 1999/11/30 v2.0 generic functions
\@emptytoks=\toks34
\ex@=\dimen283
)) (g:/program files/texlive/2022/texmf-dist/tex/latex/amsmath/amsbsy.sty
Package: amsbsy 1999/11/29 v1.2d Bold Symbols
\pmbraise@=\dimen284
) (g:/program files/texlive/2022/texmf-dist/tex/latex/amsmath/amsopn.sty
Package: amsopn 2022/04/08 v2.04 operator names
)
\inf@bad=\count321
LaTeX Info: Redefining \frac on input line 234.
\uproot@=\count322
\leftroot@=\count323
LaTeX Info: Redefining \overline on input line 399.
LaTeX Info: Redefining \colon on input line 410.
\classnum@=\count324
\DOTSCASE@=\count325
LaTeX Info: Redefining \ldots on input line 496.
LaTeX Info: Redefining \dots on input line 499.
LaTeX Info: Redefining \cdots on input line 620.
\Mathstrutbox@=\box74
\strutbox@=\box75
LaTeX Info: Redefining \big on input line 722.
LaTeX Info: Redefining \Big on input line 723.
LaTeX Info: Redefining \bigg on input line 724.
LaTeX Info: Redefining \Bigg on input line 725.
\big@size=\dimen285
LaTeX Font Info:    Redeclaring font encoding OML on input line 743.
LaTeX Font Info:    Redeclaring font encoding OMS on input line 744.
\macc@depth=\count326
LaTeX Info: Redefining \bmod on input line 905.
LaTeX Info: Redefining \pmod on input line 910.
LaTeX Info: Redefining \smash on input line 940.
LaTeX Info: Redefining \relbar on input line 970.
LaTeX Info: Redefining \Relbar on input line 971.
\c@MaxMatrixCols=\count327
\dotsspace@=\muskip17
\c@parentequation=\count328
\dspbrk@lvl=\count329
\tag@help=\toks35
\row@=\count330
\column@=\count331
\maxfields@=\count332
\andhelp@=\toks36
\eqnshift@=\dimen286
\alignsep@=\dimen287
\tagshift@=\dimen288
\tagwidth@=\dimen289
\totwidth@=\dimen290
\lineht@=\dimen291
\@envbody=\toks37
\multlinegap=\skip60
\multlinetaggap=\skip61
\mathdisplay@stack=\toks38
LaTeX Info: Redefining \[ on input line 2953.
LaTeX Info: Redefining \] on input line 2954.
) (g:/program files/texlive/2022/texmf-dist/tex/latex/amscls/amsthm.sty
Package: amsthm 2020/05/29 v2.20.6
\thm@style=\toks39
\thm@bodyfont=\toks40
\thm@headfont=\toks41
\thm@notefont=\toks42
\thm@headpunct=\toks43
\thm@preskip=\skip62
\thm@postskip=\skip63
\thm@headsep=\skip64
\dth@everypar=\toks44
)
\c@theorem=\count333
) (g:/program files/texlive/2022/texmf-dist/tex/latex/beamer/beamerbasethemes.sty)) (g:/program files/texlive/2022/texmf-dist/tex/latex/beamer/beamerthemedefault.sty (g:/program files/texlive/2022/texmf-dist/tex/latex/beamer/beamerfontthemedefault.sty) (g:/program files/texlive/2022/texmf-dist/tex/latex/beamer/beamercolorthemedefault.sty) (g:/program files/texlive/2022/texmf-dist/tex/latex/beamer/beamerinnerthemedefault.sty
\beamer@dima=\dimen292
\beamer@dimb=\dimen293
) (g:/program files/texlive/2022/texmf-dist/tex/latex/beamer/beamerouterthemedefault.sty))) (g:/program files/texlive/2022/texmf-dist/tex/latex/preprint/authblk.sty
Package: authblk 2001/02/27 1.3 (PWD)
\affilsep=\skip65
\@affilsep=\skip66
\c@Maxaffil=\count334
\c@authors=\count335
\c@affil=\count336
) (g:/program files/texlive/2022/texmf-dist/tex/latex/transparent/transparent.sty
Package: transparent 2022-10-27 v1.5 Transparency with color stacks
 (g:/program files/texlive/2022/texmf-dist/tex/latex/transparent/transparent-nometadata.sty
Package: transparent-nometadata 2022-10-27 v1.5 Transparency via pdfTeX's color stack (HO)
)) (g:/program files/texlive/2022/texmf-dist/tex/latex/gensymb/gensymb.sty
Package: gensymb 2022/10/17 v1.0.2 (KJH)
) (g:/program files/texlive/2022/texmf-dist/tex/latex/beamer/multimedia.sty
Package: multimedia 2012/05/02 ver 0.02
 (g:/program files/texlive/2022/texmf-dist/tex/generic/iftex/ifpdf.sty
Package: ifpdf 2019/10/25 v3.4 ifpdf legacy package. Use iftex instead.
)
\mm@movie=\count337
) (g:/program files/texlive/2022/texmf-dist/tex/latex/qrcode/qrcode.sty
Package: qrcode 2015/01/08 v1.51 QR code generation
 (g:/program files/texlive/2022/texmf-dist/tex/latex/xkeyval/xkeyval.sty
Package: xkeyval 2022/06/16 v2.9 package option processing (HA)
 (g:/program files/texlive/2022/texmf-dist/tex/generic/xkeyval/xkeyval.tex (g:/program files/texlive/2022/texmf-dist/tex/generic/xkeyval/xkvutils.tex
\XKV@toks=\toks45
\XKV@tempa@toks=\toks46
)
\XKV@depth=\count338
File: xkeyval.tex 2014/12/03 v2.7a key=value parser (HA)
))
\c@qr@i=\count339
\c@qr@j=\count340
\qr@a=\count341
\qr@b=\count342
\qr@c=\count343
\qr@for@depth=\count344
\qr@for@maxdepth=\count345
\qr@for@start=\count346
\qr@for@end=\count347
\qr@for@step=\count348
\qr@newforcount=\count349
\qr@newforcount=\count350
\qr@desiredheight=\skip67
\qr@modulesize=\skip68
\qr@minipagewidth=\skip69
\c@maski=\count351
\c@maskj=\count352
\c@totalones=\count353
\c@penaltyi=\count354
\c@penaltyii=\count355
\c@penaltyiii=\count356
\c@penaltyiv=\count357
\c@qr@hexchars=\count358
\qr@newforcount=\count359
\c@qr@divisionsremaining=\count360
) (g:/program files/texlive/2022/texmf-dist/tex/latex/caption/caption.sty
Package: caption 2022/03/01 v3.6b Customizing captions (AR)
 (g:/program files/texlive/2022/texmf-dist/tex/latex/caption/caption3.sty
Package: caption3 2022/03/17 v2.3b caption3 kernel (AR)
\caption@tempdima=\dimen294
\captionmargin=\dimen295
\caption@leftmargin=\dimen296
\caption@rightmargin=\dimen297
\caption@width=\dimen298
\caption@indent=\dimen299
\caption@parindent=\dimen300
\caption@hangindent=\dimen301
Package caption Info: beamer document class detected.
 (g:/program files/texlive/2022/texmf-dist/tex/latex/caption/caption-beamer.sto
File: caption-beamer.sto 2022/01/06 v2.0c Adaption of the caption package to the beamer document classes (AR)
))
\c@caption@flags=\count361
\c@continuedfloat=\count362
Package caption Info: hyperref package is loaded.
Package caption Info: Hyperref support is turned off
(caption)             because hyperref has stopped early.
) (g:/program files/texlive/2022/texmf-dist/tex/latex/awesomebox/awesomebox.sty
Package: awesomebox 2019/07/27 v0.6
 (g:/program files/texlive/2022/texmf-dist/tex/latex/fontawesome5/fontawesome5.sty (g:/program files/texlive/2022/texmf-dist/tex/latex/l3kernel/expl3.sty
Package: expl3 2023-02-07 L3 programming layer (loader) 
 (g:/program files/texlive/2022/texmf-dist/tex/latex/l3backend/l3backend-pdftex.def
File: l3backend-pdftex.def 2023-01-16 L3 backend support: PDF output (pdfTeX)
\l__color_backend_stack_int=\count363
\l__pdf_internal_box=\box76
))
Package: fontawesome5 2022/05/02 v5.15.4 Font Awesome 5
 (g:/program files/texlive/2022/texmf-dist/tex/latex/l3packages/l3keys2e/l3keys2e.sty
Package: l3keys2e 2023-02-02 LaTeX2e option processing using LaTeX3 keys
) (g:/program files/texlive/2022/texmf-dist/tex/latex/l3packages/xparse/xparse.sty
Package: xparse 2023-02-02 L3 Experimental document command parser
) (g:/program files/texlive/2022/texmf-dist/tex/latex/fontawesome5/fontawesome5-generic-helper.sty
Package: fontawesome5-generic-helper 2022/05/02 v5.15.4 non-uTeX helper for fontawesome5
 (g:/program files/texlive/2022/texmf-dist/tex/latex/fontawesome5/fontawesome5-mapping.def)))
\aweboxleftmargin=\skip70
\aweboxcontentwidth=\skip71
\aweboxvskip=\skip72
\aweboxsignraise=\skip73
\aweboxrulewidth=\skip74
 (g:/program files/texlive/2022/texmf-dist/tex/latex/tools/array.sty
Package: array 2022/09/04 v2.5g Tabular extension package (FMi)
\col@sep=\dimen302
\ar@mcellbox=\box77
\extrarowheight=\dimen303
\NC@list=\toks47
\extratabsurround=\skip75
\backup@length=\skip76
\ar@cellbox=\box78
) (g:/program files/texlive/2022/texmf-dist/tex/latex/base/ifthen.sty
Package: ifthen 2022/04/13 v1.1d Standard LaTeX ifthen package (DPC)
)
\aweboxlinewidthvar=\skip77
\aweboxlinewidthref=\skip78
) (g:/program files/texlive/2022/texmf-dist/tex/latex/beamer/beamerthemeWarsaw.sty (g:/program files/texlive/2022/texmf-dist/tex/latex/beamer/beamerinnerthemerounded.sty) (g:/program files/texlive/2022/texmf-dist/tex/latex/beamer/beamerouterthemeshadow.sty (g:/program files/texlive/2022/texmf-dist/tex/latex/beamer/beamerouterthemesplit.sty)) (g:/program files/texlive/2022/texmf-dist/tex/latex/beamer/beamercolorthemeorchid.sty) (g:/program files/texlive/2022/texmf-dist/tex/latex/beamer/beamercolorthemewhale.sty)) (g:/program files/texlive/2022/texmf-dist/tex/latex/beamer/beamercolorthemeseahorse.sty) (g:/program files/texlive/2022/texmf-dist/tex/latex/beamer/beamerfontthemeprofessionalfonts.sty) (g:/program files/texlive/2022/texmf-dist/tex/latex/beamer/beamerouterthememiniframes.sty)
Package hyperref Info: Option `colorlinks' set `true' on input line 66.
 (./CSE359.aux <Reading QR code for "https://github.com/Sofiullah-Iqbal-Kiron/LaTeX/blob/master/Presentation/Beamer/MAT205%20Mid/MAT205%20Mid.tex" at level 10-H from aux file.>
)
\openout1 = `CSE359.aux'.

LaTeX Font Info:    Checking defaults for OML/cmm/m/it on input line 81.
LaTeX Font Info:    ... okay on input line 81.
LaTeX Font Info:    Checking defaults for OMS/cmsy/m/n on input line 81.
LaTeX Font Info:    ... okay on input line 81.
LaTeX Font Info:    Checking defaults for OT1/cmr/m/n on input line 81.
LaTeX Font Info:    ... okay on input line 81.
LaTeX Font Info:    Checking defaults for T1/cmr/m/n on input line 81.
LaTeX Font Info:    ... okay on input line 81.
LaTeX Font Info:    Checking defaults for TS1/cmr/m/n on input line 81.
LaTeX Font Info:    ... okay on input line 81.
LaTeX Font Info:    Checking defaults for OMX/cmex/m/n on input line 81.
LaTeX Font Info:    ... okay on input line 81.
LaTeX Font Info:    Checking defaults for U/cmr/m/n on input line 81.
LaTeX Font Info:    ... okay on input line 81.
LaTeX Font Info:    Checking defaults for PD1/pdf/m/n on input line 81.
LaTeX Font Info:    ... okay on input line 81.
LaTeX Font Info:    Checking defaults for PU/pdf/m/n on input line 81.
LaTeX Font Info:    ... okay on input line 81.

*geometry* driver: auto-detecting
*geometry* detected driver: pdftex
*geometry* verbose mode - [ preamble ] result:
* driver: pdftex
* paper: custom
* layout: <same size as paper>
* layoutoffset:(h,v)=(0.0pt,0.0pt)
* modes: includehead includefoot 
* h-part:(L,W,R)=(28.45274pt, 307.28987pt, 28.45274pt)
* v-part:(T,H,B)=(0.0pt, 273.14662pt, 0.0pt)
* \paperwidth=364.19536pt
* \paperheight=273.14662pt
* \textwidth=307.28987pt
* \textheight=244.6939pt
* \oddsidemargin=-43.81725pt
* \evensidemargin=-43.81725pt
* \topmargin=-72.26999pt
* \headheight=14.22636pt
* \headsep=0.0pt
* \topskip=9.0pt
* \footskip=14.22636pt
* \marginparwidth=4.0pt
* \marginparsep=10.0pt
* \columnsep=10.0pt
* \skip\footins=8.0pt plus 4.0pt minus 2.0pt
* \hoffset=0.0pt
* \voffset=0.0pt
* \mag=1000
* \@twocolumnfalse
* \@twosidefalse
* \@mparswitchfalse
* \@reversemarginfalse
* (1in=72.27pt=25.4mm, 1cm=28.453pt)

(g:/program files/texlive/2022/texmf-dist/tex/context/base/mkii/supp-pdf.mkii
[Loading MPS to PDF converter (version 2006.09.02).]
\scratchcounter=\count364
\scratchdimen=\dimen304
\scratchbox=\box79
\nofMPsegments=\count365
\nofMParguments=\count366
\everyMPshowfont=\toks48
\MPscratchCnt=\count367
\MPscratchDim=\dimen305
\MPnumerator=\count368
\makeMPintoPDFobject=\count369
\everyMPtoPDFconversion=\toks49
) (g:/program files/texlive/2022/texmf-dist/tex/latex/epstopdf-pkg/epstopdf-base.sty
Package: epstopdf-base 2020-01-24 v2.11 Base part for package epstopdf
Package epstopdf-base Info: Redefining graphics rule for `.eps' on input line 485.
 (g:/program files/texlive/2022/texmf-dist/tex/latex/latexconfig/epstopdf-sys.cfg
File: epstopdf-sys.cfg 2010/07/13 v1.3 Configuration of (r)epstopdf for TeX Live
))
Package hyperref Info: Link coloring ON on input line 81.
 (./CSE359.out) (./CSE359.out)
\@outlinefile=\write5
\openout5 = `CSE359.out'.

 (g:/program files/texlive/2022/texmf-dist/tex/latex/translator/translator-basic-dictionary-English.dict
Dictionary: translator-basic-dictionary, Language: English 
) (g:/program files/texlive/2022/texmf-dist/tex/latex/translator/translator-bibliography-dictionary-English.dict
Dictionary: translator-bibliography-dictionary, Language: English 
) (g:/program files/texlive/2022/texmf-dist/tex/latex/translator/translator-environment-dictionary-English.dict
Dictionary: translator-environment-dictionary, Language: English 
) (g:/program files/texlive/2022/texmf-dist/tex/latex/translator/translator-months-dictionary-English.dict
Dictionary: translator-months-dictionary, Language: English 
) (g:/program files/texlive/2022/texmf-dist/tex/latex/translator/translator-numbers-dictionary-English.dict
Dictionary: translator-numbers-dictionary, Language: English 
) (g:/program files/texlive/2022/texmf-dist/tex/latex/translator/translator-theorem-dictionary-English.dict
Dictionary: translator-theorem-dictionary, Language: English 
)
LaTeX Info: Redefining \celsius on input line 81.
Package gensymb Info: Faking symbols for \degree and \celsius on input line 81.


Package gensymb Warning: Not defining \perthousand.

LaTeX Info: Redefining \ohm on input line 81.
Package gensymb Info: Using \Omega for \ohm on input line 81.

Package gensymb Warning: Not defining \micro.

Package caption Info: Begin \AtBeginDocument code.
Package caption Info: End \AtBeginDocument code.
(./CSE359.nav)
<bsmrstu.jpg, id=79, 1018.80624pt x 730.73pt>
File: bsmrstu.jpg Graphic file (type jpg)
<use bsmrstu.jpg>
Package pdftex.def Info: bsmrstu.jpg  used on input line 88.
(pdftex.def)             Requested size: 364.18938pt x 273.14221pt.
<../Counting Principles/Logo.png, id=80, 225.84375pt x 225.84375pt>
File: ../Counting Principles/Logo.png Graphic file (type png)
<use ../Counting Principles/Logo.png>
Package pdftex.def Info: ../Counting Principles/Logo.png  used on input line 88.
(pdftex.def)             Requested size: 20.32506pt x 20.32506pt.
 [1{g:/program files/texlive/2022/texmf-var/fonts/map/pdftex/updmap/pdftex.map}

 <./bsmrstu.jpg> <../Counting Principles/Logo.png>] (./CSE359.toc)
File: ../Counting Principles/Logo.png Graphic file (type png)
<use ../Counting Principles/Logo.png>
Package pdftex.def Info: ../Counting Principles/Logo.png  used on input line 94.
(pdftex.def)             Requested size: 20.32506pt x 20.32506pt.
 [2

]
Overfull \hbox (5.69043pt too wide) in paragraph at lines 122--122
 [][][][] 
 []

LaTeX Font Info:    Trying to load font information for U+msa on input line 122.
(g:/program files/texlive/2022/texmf-dist/tex/latex/amsfonts/umsa.fd
File: umsa.fd 2013/01/14 v3.01 AMS symbols A
)
LaTeX Font Info:    Trying to load font information for U+msb on input line 122.
 (g:/program files/texlive/2022/texmf-dist/tex/latex/amsfonts/umsb.fd
File: umsb.fd 2013/01/14 v3.01 AMS symbols B
)
LaTeX Font Info:    Trying to load font information for U+fontawesomefree1 on input line 122.
 (g:/program files/texlive/2022/texmf-dist/tex/latex/fontawesome5/ufontawesomefree1.fd)

LaTeX Font Warning: Font shape `OT1/cmss/bx/it' undefined
(Font)              using `OT1/cmss/bx/n' instead on input line 122.



<QR code requested for "https://github.com/Sofiullah-Iqbal-Kiron/LaTeX/blob/master/Presentation/Beamer/MAT205%20Mid/MAT205%20Mid.tex" in version 8-H.>
<Requested QR version '8' is too small for desired text. Version increased to '10' to fit text.>
<Copying the QR code for "https://github.com/Sofiullah-Iqbal-Kiron/LaTeX/blob/master/Presentation/Beamer/MAT205%20Mid/MAT205%20Mid.tex" in version 10-H as previously calculated.>

Overfull \vbox (6.16217pt too high) detected at line 122
 []

File: ../Counting Principles/Logo.png Graphic file (type png)
<use ../Counting Principles/Logo.png>
Package pdftex.def Info: ../Counting Principles/Logo.png  used on input line 122.
(pdftex.def)             Requested size: 20.32506pt x 20.32506pt.
[3

] (./CSE359.toc)
File: ../Counting Principles/Logo.png Graphic file (type png)
<use ../Counting Principles/Logo.png>
Package pdftex.def Info: ../Counting Principles/Logo.png  used on input line 127.
(pdftex.def)             Requested size: 20.32506pt x 20.32506pt.
 [4

]
<Joseph Fourier.jpg, id=369, 301.125pt x 168.63pt>
File: Joseph Fourier.jpg Graphic file (type jpg)
<use Joseph Fourier.jpg>
Package pdftex.def Info: Joseph Fourier.jpg  used on input line 144.
(pdftex.def)             Requested size: 180.67638pt x 101.17877pt.
File: ../Counting Principles/Logo.png Graphic file (type png)
<use ../Counting Principles/Logo.png>
Package pdftex.def Info: ../Counting Principles/Logo.png  used on input line 144.
(pdftex.def)             Requested size: 20.32506pt x 20.32506pt.
 [5

 <./Joseph Fourier.jpg>]
File: Joseph Fourier.jpg Graphic file (type jpg)
<use Joseph Fourier.jpg>
Package pdftex.def Info: Joseph Fourier.jpg  used on input line 144.
(pdftex.def)             Requested size: 180.67638pt x 101.17877pt.
File: ../Counting Principles/Logo.png Graphic file (type png)
<use ../Counting Principles/Logo.png>
Package pdftex.def Info: ../Counting Principles/Logo.png  used on input line 144.
(pdftex.def)             Requested size: 20.32506pt x 20.32506pt.
 [6

]

Package multimedia Warning: The movie file ``audio.mp3'' could not be found in the current directory, where it must reside for viewing. on input line 161.

File: ../Counting Principles/Logo.png Graphic file (type png)
<use ../Counting Principles/Logo.png>
Package pdftex.def Info: ../Counting Principles/Logo.png  used on input line 161.
(pdftex.def)             Requested size: 20.32506pt x 20.32506pt.
[7

]
File: ../Counting Principles/Logo.png Graphic file (type png)
<use ../Counting Principles/Logo.png>
Package pdftex.def Info: ../Counting Principles/Logo.png  used on input line 176.
(pdftex.def)             Requested size: 20.32506pt x 20.32506pt.
 [8

]
File: ../Counting Principles/Logo.png Graphic file (type png)
<use ../Counting Principles/Logo.png>
Package pdftex.def Info: ../Counting Principles/Logo.png  used on input line 176.
(pdftex.def)             Requested size: 20.32506pt x 20.32506pt.
 [9

]
File: ../Counting Principles/Logo.png Graphic file (type png)
<use ../Counting Principles/Logo.png>
Package pdftex.def Info: ../Counting Principles/Logo.png  used on input line 197.
(pdftex.def)             Requested size: 20.32506pt x 20.32506pt.
 [10

]
File: ../Counting Principles/Logo.png Graphic file (type png)
<use ../Counting Principles/Logo.png>
Package pdftex.def Info: ../Counting Principles/Logo.png  used on input line 197.
(pdftex.def)             Requested size: 20.32506pt x 20.32506pt.
 [11

]
File: ../Counting Principles/Logo.png Graphic file (type png)
<use ../Counting Principles/Logo.png>
Package pdftex.def Info: ../Counting Principles/Logo.png  used on input line 197.
(pdftex.def)             Requested size: 20.32506pt x 20.32506pt.
 [12

]
File: ../Counting Principles/Logo.png Graphic file (type png)
<use ../Counting Principles/Logo.png>
Package pdftex.def Info: ../Counting Principles/Logo.png  used on input line 197.
(pdftex.def)             Requested size: 20.32506pt x 20.32506pt.
 [13

]
File: ../Counting Principles/Logo.png Graphic file (type png)
<use ../Counting Principles/Logo.png>
Package pdftex.def Info: ../Counting Principles/Logo.png  used on input line 197.
(pdftex.def)             Requested size: 20.32506pt x 20.32506pt.
 [14

]
File: ../Counting Principles/Logo.png Graphic file (type png)
<use ../Counting Principles/Logo.png>
Package pdftex.def Info: ../Counting Principles/Logo.png  used on input line 197.
(pdftex.def)             Requested size: 20.32506pt x 20.32506pt.
 [15

]
File: ../Counting Principles/Logo.png Graphic file (type png)
<use ../Counting Principles/Logo.png>
Package pdftex.def Info: ../Counting Principles/Logo.png  used on input line 197.
(pdftex.def)             Requested size: 20.32506pt x 20.32506pt.
 [16

]
File: ../Counting Principles/Logo.png Graphic file (type png)
<use ../Counting Principles/Logo.png>
Package pdftex.def Info: ../Counting Principles/Logo.png  used on input line 197.
(pdftex.def)             Requested size: 20.32506pt x 20.32506pt.
 [17

] (./CSE359.toc)
File: ../Counting Principles/Logo.png Graphic file (type png)
<use ../Counting Principles/Logo.png>
Package pdftex.def Info: ../Counting Principles/Logo.png  used on input line 202.
(pdftex.def)             Requested size: 20.32506pt x 20.32506pt.
 [18

]
\openout4 = `CSE359.vrb'.

 (./CSE359.vrb)
File: ../Counting Principles/Logo.png Graphic file (type png)
<use ../Counting Principles/Logo.png>
Package pdftex.def Info: ../Counting Principles/Logo.png  used on input line 215.
(pdftex.def)             Requested size: 20.32506pt x 20.32506pt.
 [19

]
\openout4 = `CSE359.vrb'.

 (./CSE359.vrb)
File: ../Counting Principles/Logo.png Graphic file (type png)
<use ../Counting Principles/Logo.png>
Package pdftex.def Info: ../Counting Principles/Logo.png  used on input line 236.
(pdftex.def)             Requested size: 20.32506pt x 20.32506pt.
 [20

]
Overfull \hbox (1.759pt too wide) detected at line 257
[]
 []

File: ../Counting Principles/Logo.png Graphic file (type png)
<use ../Counting Principles/Logo.png>
Package pdftex.def Info: ../Counting Principles/Logo.png  used on input line 257.
(pdftex.def)             Requested size: 20.32506pt x 20.32506pt.
[21

]
\openout4 = `CSE359.vrb'.

 (./CSE359.vrb)
File: ../Counting Principles/Logo.png Graphic file (type png)
<use ../Counting Principles/Logo.png>
Package pdftex.def Info: ../Counting Principles/Logo.png  used on input line 282.
(pdftex.def)             Requested size: 20.32506pt x 20.32506pt.
 [22

]
\openout4 = `CSE359.vrb'.

 (./CSE359.vrb)
File: ../Counting Principles/Logo.png Graphic file (type png)
<use ../Counting Principles/Logo.png>
Package pdftex.def Info: ../Counting Principles/Logo.png  used on input line 306.
(pdftex.def)             Requested size: 20.32506pt x 20.32506pt.
 [23

]
\openout4 = `CSE359.vrb'.

 (./CSE359.vrb)
File: ../Counting Principles/Logo.png Graphic file (type png)
<use ../Counting Principles/Logo.png>
Package pdftex.def Info: ../Counting Principles/Logo.png  used on input line 332.
(pdftex.def)             Requested size: 20.32506pt x 20.32506pt.
 [24

]
\openout4 = `CSE359.vrb'.

 (./CSE359.vrb)
File: ../Counting Principles/Logo.png Graphic file (type png)
<use ../Counting Principles/Logo.png>
Package pdftex.def Info: ../Counting Principles/Logo.png  used on input line 344.
(pdftex.def)             Requested size: 20.32506pt x 20.32506pt.
 [25

] (./CSE359.toc)
File: ../Counting Principles/Logo.png Graphic file (type png)
<use ../Counting Principles/Logo.png>
Package pdftex.def Info: ../Counting Principles/Logo.png  used on input line 349.
(pdftex.def)             Requested size: 20.32506pt x 20.32506pt.
 [26

]
\openout4 = `CSE359.vrb'.

 (./CSE359.vrb)
File: ../Counting Principles/Logo.png Graphic file (type png)
<use ../Counting Principles/Logo.png>
Package pdftex.def Info: ../Counting Principles/Logo.png  used on input line 361.
(pdftex.def)             Requested size: 20.32506pt x 20.32506pt.
 [27

]
\openout4 = `CSE359.vrb'.

 (./CSE359.vrb
Overfull \hbox (20.26431pt too wide) detected at line 12
\OMS/cmsy/m/n/8 ) [] [][] [][] []\OML/cmm/m/it/8 e[] \OMS/cmsy/m/n/8 ^^A \OML/cmm/m/it/8 dx \OMS/cmsy/m/n/8 ^^A \OML/cmm/m/it/8 dy \OT1/cmr/m/n/8 = [] [][] [][] [] \OML/cmm/m/it/8 e[] \OMS/cmsy/m/n/8 ^^A \OML/cmm/m/it/8 dx \OMS/cmsy/m/n/8 ^^A \OML/cmm/m/it/8 dy
 []

)
File: ../Counting Principles/Logo.png Graphic file (type png)
<use ../Counting Principles/Logo.png>
Package pdftex.def Info: ../Counting Principles/Logo.png  used on input line 384.
(pdftex.def)             Requested size: 20.32506pt x 20.32506pt.
 [28

]
\openout4 = `CSE359.vrb'.

 (./CSE359.vrb
Overfull \hbox (12.89873pt too wide) detected at line 5
 []$[]  [][] \OT1/cmr/m/n/9 = \OML/cmm/m/it/9 c[]\OMS/cmsy/m/n/9 f\OT1/cmr/m/n/9 (\OMS/cmsy/m/n/9 ^^@\OML/cmm/m/it/9 iu\OT1/cmr/m/n/9 )[] + (\OMS/cmsy/m/n/9 ^^@\OML/cmm/m/it/9 iv\OT1/cmr/m/n/9 )[]\OMS/cmsy/m/n/9 g\OML/cmm/m/it/9 F\OMS/cmsy/m/n/9 f\OML/cmm/m/it/9 z\OT1/cmr/m/n/9 (\OML/cmm/m/it/9 x; y; t\OT1/cmr/m/n/9 )\OMS/cmsy/m/n/9 g[][] \OT1/cmr/m/n/9 = [](\OML/cmm/m/it/9 u; v; t\OT1/cmr/m/n/9 ) = \OML/cmm/m/it/9 F\OMS/cmsy/m/n/9 f\OML/cmm/m/it/9 z\OT1/cmr/m/n/9 (\OML/cmm/m/it/9 x; y; t\OT1/cmr/m/n/9 )\OMS/cmsy/m/n/9 g$ 
 []

)
File: ../Counting Principles/Logo.png Graphic file (type png)
<use ../Counting Principles/Logo.png>
Package pdftex.def Info: ../Counting Principles/Logo.png  used on input line 402.
(pdftex.def)             Requested size: 20.32506pt x 20.32506pt.
 [29

]
\openout4 = `CSE359.vrb'.

 (./CSE359.vrb)
File: ../Counting Principles/Logo.png Graphic file (type png)
<use ../Counting Principles/Logo.png>
Package pdftex.def Info: ../Counting Principles/Logo.png  used on input line 425.
(pdftex.def)             Requested size: 20.32506pt x 20.32506pt.
 [30

]
\openout4 = `CSE359.vrb'.

 (./CSE359.vrb
Overfull \hbox (18.16675pt too wide) detected at line 11
[]
 []

)
File: ../Counting Principles/Logo.png Graphic file (type png)
<use ../Counting Principles/Logo.png>
Package pdftex.def Info: ../Counting Principles/Logo.png  used on input line 447.
(pdftex.def)             Requested size: 20.32506pt x 20.32506pt.
 [31

]
\openout4 = `CSE359.vrb'.

 (./CSE359.vrb)
File: ../Counting Principles/Logo.png Graphic file (type png)
<use ../Counting Principles/Logo.png>
Package pdftex.def Info: ../Counting Principles/Logo.png  used on input line 461.
(pdftex.def)             Requested size: 20.32506pt x 20.32506pt.
 [32

] (./CSE359.toc)
File: ../Counting Principles/Logo.png Graphic file (type png)
<use ../Counting Principles/Logo.png>
Package pdftex.def Info: ../Counting Principles/Logo.png  used on input line 466.
(pdftex.def)             Requested size: 20.32506pt x 20.32506pt.
 [33

]
\openout4 = `CSE359.vrb'.

 (./CSE359.vrb)
File: ../Counting Principles/Logo.png Graphic file (type png)
<use ../Counting Principles/Logo.png>
Package pdftex.def Info: ../Counting Principles/Logo.png  used on input line 482.
(pdftex.def)             Requested size: 20.32506pt x 20.32506pt.
 [34

]
\tf@nav=\write6
\openout6 = `CSE359.nav'.

\tf@toc=\write7
\openout7 = `CSE359.toc'.

\tf@snm=\write8
\openout8 = `CSE359.snm'.

 (./CSE359.aux <Reading QR code for "https://github.com/Sofiullah-Iqbal-Kiron/LaTeX/blob/master/Presentation/Beamer/MAT205%20Mid/MAT205%20Mid.tex" at level 10-H from aux file.>
)

LaTeX Font Warning: Some font shapes were not available, defaults substituted.

Package rerunfilecheck Info: File `CSE359.out' has not changed.
(rerunfilecheck)             Checksum: 9D003D3E29E2DE9BB3B7DCB023740168;527.
 ) 
Here is how much of TeX's memory you used:
 29064 strings out of 476029
 579426 string characters out of 5787144
 2086340 words of memory out of 5000000
 48841 multiletter control sequences out of 15000+600000
 521763 words of font info for 68 fonts, out of 8000000 for 9000
 1141 hyphenation exceptions out of 8191
 128i,19n,122p,3616b,900s stack positions out of 10000i,1000n,20000p,200000b,200000s
{g:/program files/texlive/2022/texmf-dist/fonts/enc/dvips/fontawesome5/fa5free1.enc}<g:/program files/texlive/2022/texmf-dist/fonts/type1/public/fontawesome5/FontAwesome5Free-Solid.pfb><g:/program files/texlive/2022/texmf-dist/fonts/type1/public/amsfonts/cmextra/cmex8.pfb><g:/program files/texlive/2022/texmf-dist/fonts/type1/public/amsfonts/cmextra/cmex9.pfb><g:/program files/texlive/2022/texmf-dist/fonts/type1/public/amsfonts/cm/cmmi6.pfb><g:/program files/texlive/2022/texmf-dist/fonts/type1/public/amsfonts/cm/cmmi8.pfb><g:/program files/texlive/2022/texmf-dist/fonts/type1/public/amsfonts/cm/cmmi9.pfb><g:/program files/texlive/2022/texmf-dist/fonts/type1/public/amsfonts/cm/cmr6.pfb><g:/program files/texlive/2022/texmf-dist/fonts/type1/public/amsfonts/cm/cmr8.pfb><g:/program files/texlive/2022/texmf-dist/fonts/type1/public/amsfonts/cm/cmr9.pfb><g:/program files/texlive/2022/texmf-dist/fonts/type1/public/amsfonts/cm/cmss10.pfb><g:/program files/texlive/2022/texmf-dist/fonts/type1/public/amsfonts/cm/cmss8.pfb><g:/program files/texlive/2022/texmf-dist/fonts/type1/public/amsfonts/cm/cmss9.pfb><g:/program files/texlive/2022/texmf-dist/fonts/type1/public/amsfonts/cm/cmssbx10.pfb><g:/program files/texlive/2022/texmf-dist/fonts/type1/public/amsfonts/cm/cmsy6.pfb><g:/program files/texlive/2022/texmf-dist/fonts/type1/public/amsfonts/cm/cmsy8.pfb><g:/program files/texlive/2022/texmf-dist/fonts/type1/public/amsfonts/cm/cmsy9.pfb><g:/program files/texlive/2022/texmf-dist/fonts/type1/public/amsfonts/cm/cmtt9.pfb><g:/program files/texlive/2022/texmf-dist/fonts/type1/public/amsfonts/symbols/msam10.pfb>
Output written on CSE359.pdf (34 pages, 654095 bytes).
PDF statistics:
 2239 PDF objects out of 2487 (max. 8388607)
 2037 compressed objects within 21 object streams
 74 named destinations out of 1000 (max. 500000)
 512 words of extra memory for PDF output out of 10000 (max. 10000000)

