\BOOKMARK [1][-]{section.1}{One}{}% 1
\BOOKMARK [1][-]{section.2}{Two}{}% 2
\BOOKMARK [1][-]{section.3}{Three}{}% 3
\BOOKMARK [1][-]{section.4}{Four}{}% 4
\BOOKMARK [2][-]{subsection.4.1}{Four.one}{section.4}% 5
\BOOKMARK [2][-]{subsection.4.2}{Four.two}{section.4}% 6
\BOOKMARK [1][-]{section.5}{Five}{}% 7
\BOOKMARK [1][-]{section.6}{Six}{}% 8
\BOOKMARK [1][-]{section.7}{Seven}{}% 9
\BOOKMARK [1][-]{section.8}{Eight}{}% 10
\BOOKMARK [1][-]{section.9}{Nine}{}% 11
\BOOKMARK [2][-]{subsection.9.1}{Nine.one}{section.9}% 12
\BOOKMARK [2][-]{subsection.9.2}{Nine.two}{section.9}% 13
\BOOKMARK [3][-]{subsubsection.9.2.1}{Nine.three}{subsection.9.2}% 14
\BOOKMARK [3][-]{subsubsection.9.2.2}{Nine.four}{subsection.9.2}% 15
\BOOKMARK [3][-]{subsubsection.9.2.3}{Nine.five}{subsection.9.2}% 16
\BOOKMARK [3][-]{subsubsection.9.2.4}{Nine.six}{subsection.9.2}% 17
\BOOKMARK [3][-]{subsubsection.9.2.5}{Nine.seven}{subsection.9.2}% 18
\BOOKMARK [3][-]{subsubsection.9.2.6}{Nine.eight}{subsection.9.2}% 19
\BOOKMARK [1][-]{section.10}{Ten}{}% 20
