\BOOKMARK [0][-]{chapter.1}{Primary discussion}{}% 1
\BOOKMARK [1][-]{section.1.1}{Top programming languages}{chapter.1}% 2
\BOOKMARK [2][-]{subsection.1.1.1}{Python}{section.1.1}% 3
\BOOKMARK [2][-]{subsection.1.1.2}{Java}{section.1.1}% 4
\BOOKMARK [2][-]{subsection.1.1.3}{JavaScript}{section.1.1}% 5
\BOOKMARK [0][-]{chapter.2}{Starting With Java}{}% 6
\BOOKMARK [1][-]{section.2.1}{Java, as a programming Language}{chapter.2}% 7
\BOOKMARK [1][-]{section.2.2}{Features of Java}{chapter.2}% 8
\BOOKMARK [1][-]{section.2.3}{Java Development Software}{chapter.2}% 9
\BOOKMARK [2][-]{subsection.2.3.1}{NetBeans}{section.2.3}% 10
\BOOKMARK [2][-]{subsection.2.3.2}{Eclipse}{section.2.3}% 11
\BOOKMARK [2][-]{subsection.2.3.3}{JDK}{section.2.3}% 12
\BOOKMARK [2][-]{subsection.2.3.4}{JRE}{section.2.3}% 13
\BOOKMARK [2][-]{subsection.2.3.5}{IntelliJ IDEA}{section.2.3}% 14
\BOOKMARK [1][-]{section.2.4}{A Simple Java Program}{chapter.2}% 15
\BOOKMARK [1][-]{section.2.5}{James Gosling}{chapter.2}% 16
\BOOKMARK [2][-]{subsection.2.5.1}{Education Qualification and Carrier Lines}{section.2.5}% 17
\BOOKMARK [2][-]{subsection.2.5.2}{Contribution of James gosling}{section.2.5}% 18
\BOOKMARK [1][-]{section.2.6}{Some Pictures of James Gosling}{chapter.2}% 19
\BOOKMARK [0][-]{chapter.3}{Closing Point}{}% 20
