\BOOKMARK [1][-]{section.1}{Depiction\040of\040Power\040Plant}{}% 1
\BOOKMARK [1][-]{section.2}{A\040Gallery\040for\040Power-Station}{}% 2
\BOOKMARK [1][-]{section.3}{Different\040Types/Kinds\040of\040Power\040Plants}{}% 3
\BOOKMARK [1][-]{section.4}{General\040Description\040and\040History}{}% 4
\BOOKMARK [2][-]{subsection.4.1}{Starting}{section.4}% 5
\BOOKMARK [2][-]{subsection.4.2}{Brief\040Background\040History}{section.4}% 6
\BOOKMARK [1][-]{section.5}{Others\040Description\040in\040a\040Table}{}% 7
\BOOKMARK [1][-]{section.6}{Cycle\040Description}{}% 8
\BOOKMARK [1][-]{section.7}{Basic\040Engineering}{}% 9
\BOOKMARK [1][-]{section.8}{Connection\040To\040Grid}{}% 10
\BOOKMARK [1][-]{section.9}{Operation}{}% 11
\BOOKMARK [2][-]{subsection.9.1}{Operation\040Of\040A\040Thermal\040Power\040Plant}{section.9}% 12
\BOOKMARK [2][-]{subsection.9.2}{Operation\040Of\040Barapukuria\040Power\040Plant}{section.9}% 13
\BOOKMARK [3][-]{subsubsection.9.2.1}{Boiler}{subsection.9.2}% 14
\BOOKMARK [3][-]{subsubsection.9.2.2}{Manufacturer\040Shanghai\040Boiler\040Works\040Limited}{subsection.9.2}% 15
\BOOKMARK [3][-]{subsubsection.9.2.3}{Steam\040Turbine}{subsection.9.2}% 16
\BOOKMARK [3][-]{subsubsection.9.2.4}{Alternator\040at\040Barapukuria\040power\040plant}{subsection.9.2}% 17
\BOOKMARK [3][-]{subsubsection.9.2.5}{Transformer}{subsection.9.2}% 18
\BOOKMARK [3][-]{subsubsection.9.2.6}{Cooling\040Systems}{subsection.9.2}% 19
\BOOKMARK [1][-]{section.10}{Power\040Generation\040Data\040form\040Recent\040Two\040Years}{}% 20
\BOOKMARK [2][-]{subsection.10.1}{2018\040-\0402019}{section.10}% 21
\BOOKMARK [2][-]{subsection.10.2}{2019\040-\0402020}{section.10}% 22
\BOOKMARK [2][-]{subsection.10.3}{Generation\040Cost}{section.10}% 23
\BOOKMARK [3][-]{subsubsection.10.3.1}{2018\040-\0402019}{subsection.10.3}% 24
\BOOKMARK [3][-]{subsubsection.10.3.2}{2019\040-\0402020}{subsection.10.3}% 25
\BOOKMARK [1][-]{section.11}{Sub-Station}{}% 26
\BOOKMARK [1][-]{section.12}{Financial\040Feasibility}{}% 27
\BOOKMARK [2][-]{subsection.12.1}{Introduction}{section.12}% 28
\BOOKMARK [2][-]{subsection.12.2}{Finance\040Behind\040Barapukuria\040Coal\040Mine}{section.12}% 29
\BOOKMARK [1][-]{section.13}{Importance}{}% 30
\BOOKMARK [1][-]{section.14}{Capability\040with\040the\040Energy\040Policy\040of\040Bangladesh}{}% 31
\BOOKMARK [1][-]{section.15}{Waste\040Disposal\040Management}{}% 32
\BOOKMARK [1][-]{section.16}{Effect\040On\040Environment}{}% 33
\BOOKMARK [2][-]{subsection.16.1}{Impact\040on\040Water}{section.16}% 34
\BOOKMARK [2][-]{subsection.16.2}{Effect\040of\040Fly\040Ash}{section.16}% 35
\BOOKMARK [1][-]{section.17}{Conclusion}{}% 36
\BOOKMARK [1][-]{section.18}{Resources}{}% 37
